\BOOKMARK [0][]{chapter*.1}{\376\377\122\115\212\000}{}% 1
\BOOKMARK [0][]{chapter*.4}{\376\377\176\246\133\232}{}% 2
\BOOKMARK [0][]{chapter.0.0}{\376\377\153\143\145\207\220\350\122\006}{}% 3
\BOOKMARK [0][]{chapter.1.1}{\376\377\173\054\116\000\172\340\000\040\000\040\121\111\133\146}{}% 4
\BOOKMARK [1][]{section.1.1.1}{\376\377\0001\000.\0001\000\040\121\340\117\125\121\111\133\146}{chapter.1.1}% 5
\BOOKMARK [2][]{subsection.1.1.1.1}{\376\377\0001\000.\0001\000.\0001\000\040\133\374\213\272}{section.1.1.1}% 6
\BOOKMARK [2][]{subsection.1.1.1.2}{\376\377\0001\000.\0001\000.\0002\000\040\123\315\134\004\124\214\142\230\134\004}{section.1.1.1}% 7
\BOOKMARK [2][]{subsection.1.1.1.3}{\376\377\0001\000.\0001\000.\0003\000\040\121\111\133\146\121\103\116\366\166\204\142\020\120\317\211\304\137\213}{section.1.1.1}% 8
\BOOKMARK [2][]{subsection.1.1.1.4}{\376\377\0001\000.\0001\000.\0004\000\040\220\017\225\134\142\020\120\317}{section.1.1.1}% 9
\BOOKMARK [2][]{subsection.1.1.1.5}{\376\377\0001\000.\0001\000.\0005\000\040\121\340\117\125\121\111\133\146\166\204\136\224\165\050}{section.1.1.1}% 10
\BOOKMARK [1][]{section.1.1.2}{\376\377\0001\000.\0002\000\040\136\162\155\211}{chapter.1.1}% 11
\BOOKMARK [2][]{subsection.1.1.2.1}{\376\377\0001\000.\0002\000.\0001\000\040\136\162\155\211\147\141\116\366}{section.1.1.2}% 12
\BOOKMARK [2][]{subsection.1.1.2.2}{\376\377\0001\000.\0002\000.\0002\000\040\123\314\177\035\136\162\155\211}{section.1.1.2}% 13
\BOOKMARK [2][]{subsection.1.1.2.3}{\376\377\0001\000.\0002\000.\0003\000\040\205\204\201\234\136\162\155\211}{section.1.1.2}% 14
\BOOKMARK [2][]{subsection.1.1.2.4}{\376\377\0001\000.\0002\000.\0004\000\040\173\111\123\232\136\162\155\211}{section.1.1.2}% 15
\BOOKMARK [1][]{section.1.1.3}{\376\377\0001\000.\0003\000\040\210\115\134\004}{chapter.1.1}% 16
\BOOKMARK [2][]{subsection.1.1.3.1}{\376\377\0001\000.\0003\000.\0001\000\040\123\125\177\035\131\053\164\005\171\276\215\071\210\115\134\004}{section.1.1.3}% 17
\BOOKMARK [2][]{subsection.1.1.3.2}{\376\377\0001\000.\0003\000.\0002\000\040\000s\000h\000o\000r\000t}{section.1.1.3}% 18
\BOOKMARK [1][]{section.1.1.4}{\376\377\0001\000.\0004\000\040\131\032\177\035\210\115\134\004}{chapter.1.1}% 19
\BOOKMARK [2][]{subsection.1.1.4.1}{\376\377\0001\000.\0004\000.\0001\000\040\123\314\177\035\136\162\155\211\116\016\210\115\134\004\166\204\176\323\124\010}{section.1.1.4}% 20
\BOOKMARK [2][]{subsection.1.1.4.2}{\376\377\0001\000.\0004\000.\0002\000\040\210\115\134\004\121\111\150\005}{section.1.1.4}% 21
\BOOKMARK [1][]{section.1.1.5}{\376\377\0001\000.\0005\000\040\120\117\143\057}{chapter.1.1}% 22
\BOOKMARK [2][]{subsection.1.1.5.1}{\376\377\0001\000.\0005\000.\0001\000\040\176\277\120\117\143\057}{section.1.1.5}% 23
\BOOKMARK [0][]{figure.1.1.43}{\376\377\213\301\146\016\220\350\122\006}{}% 24
\BOOKMARK [0][]{chapter.2.1}{\376\377\173\054\116\000\172\340\000\040\000\040\121\111\133\146}{}% 25
\BOOKMARK [0][]{prove.2.1.11}{\376\377\173\124\150\110\220\350\122\006}{}% 26
\BOOKMARK [0][]{chapter.3.1}{\376\377\173\054\116\000\172\340\000\040\000\040\121\111\133\146}{}% 27
\BOOKMARK [0][]{chapter*.14}{\376\377\124\016\213\260}{}% 28
