This is XeTeX, Version 3.141592653-2.6-0.999996 (TeX Live 2024/Arch Linux) (preloaded format=xelatex 2025.1.9)  13 FEB 2025 10:53
entering extended mode
 restricted \write18 enabled.
 file:line:error style messages enabled.
 %&-line parsing enabled.
**\PassOptionsToClass{stable}{Physics_H_Notes}\input{./main.tex}
(./main.tex (./Physics_H_Notes.cls
Document Class: Physics_H_Notes 
(/usr/share/texmf-dist/tex/latex/ctex/ctexbook.cls
(/usr/share/texmf-dist/tex/latex/ctex/config/ctexbackend.cfg
File: ctexbackend.cfg 2022/07/14 v2.5.10 Backend configuration file (CTEX)
)
(/usr/share/texmf-dist/tex/latex/l3kernel/expl3.sty
Package: expl3 2024-02-20 L3 programming layer (loader) 

(/usr/share/texmf-dist/tex/latex/l3backend/l3backend-xetex.def
File: l3backend-xetex.def 2024-02-20 L3 backend support: XeTeX
\g__graphics_track_int=\count184
\l__pdf_internal_box=\box51
\g__pdf_backend_object_int=\count185
\g__pdf_backend_annotation_int=\count186
\g__pdf_backend_link_int=\count187
))
Document Class: ctexbook 2022/07/14 v2.5.10 Chinese adapter for class book (CTE
X)
(/usr/share/texmf-dist/tex/latex/ctex/ctexhook.sty
Package: ctexhook 2022/07/14 v2.5.10 Document and package hooks (CTEX)
)
(/usr/share/texmf-dist/tex/latex/ctex/ctexpatch.sty
Package: ctexpatch 2022/07/14 v2.5.10 Patching commands (CTEX)
)
(/usr/share/texmf-dist/tex/latex/base/fix-cm.sty
Package: fix-cm 2020/11/24 v1.1t fixes to LaTeX

(/usr/share/texmf-dist/tex/latex/base/ts1enc.def
File: ts1enc.def 2001/06/05 v3.0e (jk/car/fm) Standard LaTeX file
LaTeX Font Info:    Redeclaring font encoding TS1 on input line 47.
))
\l__ctex_tmp_int=\count188
\l__ctex_tmp_box=\box52
\l__ctex_tmp_dim=\dimen140
\g__ctex_section_depth_int=\count189
\g__ctex_font_size_int=\count190

(/usr/share/texmf-dist/tex/latex/ctex/config/ctexopts.cfg
File: ctexopts.cfg 2022/07/14 v2.5.10 Option configuration file (CTEX)
)
(/usr/share/texmf-dist/tex/latex/base/book.cls
Document Class: book 2023/05/17 v1.4n Standard LaTeX document class
(/usr/share/texmf-dist/tex/latex/base/bk12.clo
File: bk12.clo 2023/05/17 v1.4n Standard LaTeX file (size option)
)
\c@part=\count191
\c@chapter=\count192
\c@section=\count193
\c@subsection=\count194
\c@subsubsection=\count195
\c@paragraph=\count196
\c@subparagraph=\count197
\c@figure=\count198
\c@table=\count199
\abovecaptionskip=\skip48
\belowcaptionskip=\skip49
\bibindent=\dimen141
)
(/usr/share/texmf-dist/tex/latex/ctex/engine/ctex-engine-xetex.def
File: ctex-engine-xetex.def 2022/07/14 v2.5.10 XeLaTeX adapter (CTEX)

(/usr/share/texmf-dist/tex/xelatex/xecjk/xeCJK.sty
Package: xeCJK 2022/08/05 v3.9.1 Typesetting CJK scripts with XeLaTeX

(/usr/share/texmf-dist/tex/latex/l3packages/xtemplate/xtemplate.sty
(/usr/share/texmf-dist/tex/latex/l3packages/xtemplate/xtemplate-2023-10-10.sty
Package: xtemplate 2023-10-10 L3 Experimental prototype document functions
\l__xtemplate_tmp_dim=\dimen142
\l__xtemplate_tmp_int=\count266
\l__xtemplate_tmp_muskip=\muskip16
\l__xtemplate_tmp_skip=\skip50
))
\l__xeCJK_tmp_int=\count267
\l__xeCJK_tmp_box=\box53
\l__xeCJK_tmp_dim=\dimen143
\l__xeCJK_tmp_skip=\skip51
\g__xeCJK_space_factor_int=\count268
\l__xeCJK_begin_int=\count269
\l__xeCJK_end_int=\count270
\c__xeCJK_CJK_class_int=\XeTeXcharclass1
\c__xeCJK_FullLeft_class_int=\XeTeXcharclass2
\c__xeCJK_FullRight_class_int=\XeTeXcharclass3
\c__xeCJK_HalfLeft_class_int=\XeTeXcharclass4
\c__xeCJK_HalfRight_class_int=\XeTeXcharclass5
\c__xeCJK_NormalSpace_class_int=\XeTeXcharclass6
\c__xeCJK_CM_class_int=\XeTeXcharclass7
\c__xeCJK_HangulJamo_class_int=\XeTeXcharclass8
\l__xeCJK_last_skip=\skip52
\c__xeCJK_none_node=\count271
\g__xeCJK_node_int=\count272
\c__xeCJK_CJK_node_dim=\dimen144
\c__xeCJK_CJK-space_node_dim=\dimen145
\c__xeCJK_default_node_dim=\dimen146
\c__xeCJK_CJK-widow_node_dim=\dimen147
\c__xeCJK_normalspace_node_dim=\dimen148
\c__xeCJK_default-space_node_skip=\skip53
\l__xeCJK_ccglue_skip=\skip54
\l__xeCJK_ecglue_skip=\skip55
\l__xeCJK_punct_kern_skip=\skip56
\l__xeCJK_indent_box=\box54
\l__xeCJK_last_penalty_int=\count273
\l__xeCJK_last_bound_dim=\dimen149
\l__xeCJK_last_kern_dim=\dimen150
\l__xeCJK_widow_penalty_int=\count274

Package xtemplate Info: Declaring object type 'xeCJK/punctuation' taking 0
(xtemplate)             argument(s) on line 2396.

\l__xeCJK_fixed_punct_width_dim=\dimen151
\l__xeCJK_mixed_punct_width_dim=\dimen152
\l__xeCJK_middle_punct_width_dim=\dimen153
\l__xeCJK_fixed_margin_width_dim=\dimen154
\l__xeCJK_mixed_margin_width_dim=\dimen155
\l__xeCJK_middle_margin_width_dim=\dimen156
\l__xeCJK_bound_punct_width_dim=\dimen157
\l__xeCJK_bound_margin_width_dim=\dimen158
\l__xeCJK_margin_minimum_dim=\dimen159
\l__xeCJK_kerning_total_width_dim=\dimen160
\l__xeCJK_same_align_margin_dim=\dimen161
\l__xeCJK_different_align_margin_dim=\dimen162
\l__xeCJK_kerning_margin_width_dim=\dimen163
\l__xeCJK_kerning_margin_minimum_dim=\dimen164
\l__xeCJK_bound_dim=\dimen165
\l__xeCJK_reverse_bound_dim=\dimen166
\l__xeCJK_margin_dim=\dimen167
\l__xeCJK_minimum_bound_dim=\dimen168
\l__xeCJK_kerning_margin_dim=\dimen169
\g__xeCJK_family_int=\count275
\l__xeCJK_fam_int=\count276
\g__xeCJK_fam_allocation_int=\count277
\l__xeCJK_verb_case_int=\count278
\l__xeCJK_verb_exspace_skip=\skip57
 (/usr/share/texmf-dist/tex/latex/fontspec/fontspec.sty
(/usr/share/texmf-dist/tex/latex/l3packages/xparse/xparse.sty
Package: xparse 2024-02-18 L3 Experimental document command parser
)
Package: fontspec 2024/02/13 v2.9a Font selection for XeLaTeX and LuaLaTeX

(/usr/share/texmf-dist/tex/latex/fontspec/fontspec-xetex.sty
Package: fontspec-xetex 2024/02/13 v2.9a Font selection for XeLaTeX and LuaLaTe
X
\l__fontspec_script_int=\count279
\l__fontspec_language_int=\count280
\l__fontspec_strnum_int=\count281
\l__fontspec_tmp_int=\count282
\l__fontspec_tmpa_int=\count283
\l__fontspec_tmpb_int=\count284
\l__fontspec_tmpc_int=\count285
\l__fontspec_em_int=\count286
\l__fontspec_emdef_int=\count287
\l__fontspec_strong_int=\count288
\l__fontspec_strongdef_int=\count289
\l__fontspec_tmpa_dim=\dimen170
\l__fontspec_tmpb_dim=\dimen171
\l__fontspec_tmpc_dim=\dimen172

(/usr/share/texmf-dist/tex/latex/base/fontenc.sty
Package: fontenc 2021/04/29 v2.0v Standard LaTeX package
)
(/usr/share/texmf-dist/tex/latex/fontspec/fontspec.cfg)))
(/usr/share/texmf-dist/tex/xelatex/xecjk/xeCJK.cfg
File: xeCJK.cfg 2022/08/05 v3.9.1 Configuration file for xeCJK package
))
\ccwd=\dimen173
\l__ctex_ccglue_skip=\skip58
)
\l__ctex_ziju_dim=\dimen174

(/usr/share/texmf-dist/tex/latex/zhnumber/zhnumber.sty
Package: zhnumber 2022/07/14 v3.0 Typesetting numbers with Chinese glyphs
\l__zhnum_scale_int=\count290
\l__zhnum_tmp_int=\count291

(/usr/share/texmf-dist/tex/latex/zhnumber/zhnumber-utf8.cfg
File: zhnumber-utf8.cfg 2022/07/14 v3.0 Chinese numerals with UTF8 encoding
))
\l__ctex_heading_skip=\skip59

(/usr/share/texmf-dist/tex/latex/ctex/scheme/ctex-scheme-chinese-book.def
File: ctex-scheme-chinese-book.def 2022/07/14 v2.5.10 Chinese scheme for book (
CTEX)

(/usr/share/texmf-dist/tex/latex/ctex/config/ctex-name-utf8.cfg
File: ctex-name-utf8.cfg 2022/07/14 v2.5.10 Caption with encoding UTF-8 (CTEX)
))
(/usr/share/texmf-dist/tex/latex/ctex/fontset/ctex-fontset-fandol.def
File: ctex-fontset-fandol.def 2022/07/14 v2.5.10 Fandol fonts definition (CTEX)



Package fontspec Warning: Font "FandolSong-Regular" does not contain requested
(fontspec)                Script "CJK".


Package fontspec Info: Font family 'FandolSong-Regular(0)' created for font
(fontspec)             'FandolSong-Regular' with options
(fontspec)             [Script={CJK},Extension={.otf},BoldFont={FandolSong-Bold
},ItalicFont={FandolKai-Regular}].
(fontspec)              
(fontspec)              This font family consists of the following NFSS
(fontspec)             series/shapes:
(fontspec)              
(fontspec)             - 'normal' (m/n) with NFSS spec.:
(fontspec)             <->"[FandolSong-Regular.otf]/OT:language=dflt;"
(fontspec)             - 'small caps'  (m/sc) with NFSS spec.: 
(fontspec)             - 'bold' (b/n) with NFSS spec.:
(fontspec)             <->"[FandolSong-Bold.otf]/OT:language=dflt;"
(fontspec)             - 'bold small caps'  (b/sc) with NFSS spec.: 
(fontspec)             - 'italic' (m/it) with NFSS spec.:
(fontspec)             <->"[FandolKai-Regular.otf]/OT:language=dflt;"
(fontspec)             - 'italic small caps'  (m/scit) with NFSS spec.: 

)) (/usr/share/texmf-dist/tex/latex/ctex/config/ctex.cfg
File: ctex.cfg 2022/07/14 v2.5.10 Configuration file (CTEX)
)
(/usr/share/texmf-dist/tex/latex/geometry/geometry.sty
Package: geometry 2020/01/02 v5.9 Page Geometry

(/usr/share/texmf-dist/tex/latex/graphics/keyval.sty
Package: keyval 2022/05/29 v1.15 key=value parser (DPC)
\KV@toks@=\toks17
)
(/usr/share/texmf-dist/tex/generic/iftex/ifvtex.sty
Package: ifvtex 2019/10/25 v1.7 ifvtex legacy package. Use iftex instead.

(/usr/share/texmf-dist/tex/generic/iftex/iftex.sty
Package: iftex 2022/02/03 v1.0f TeX engine tests
))
\Gm@cnth=\count292
\Gm@cntv=\count293
\c@Gm@tempcnt=\count294
\Gm@bindingoffset=\dimen175
\Gm@wd@mp=\dimen176
\Gm@odd@mp=\dimen177
\Gm@even@mp=\dimen178
\Gm@layoutwidth=\dimen179
\Gm@layoutheight=\dimen180
\Gm@layouthoffset=\dimen181
\Gm@layoutvoffset=\dimen182
\Gm@dimlist=\toks18
)
(/usr/share/texmf-dist/tex/latex/comment/comment.sty
\CommentStream=\write3

Excluding comment 'comment')
(/usr/share/texmf-dist/tex/latex/pgf/frontendlayer/tikz.sty
(/usr/share/texmf-dist/tex/latex/pgf/basiclayer/pgf.sty
(/usr/share/texmf-dist/tex/latex/pgf/utilities/pgfrcs.sty
(/usr/share/texmf-dist/tex/generic/pgf/utilities/pgfutil-common.tex
\pgfutil@everybye=\toks19
\pgfutil@tempdima=\dimen183
\pgfutil@tempdimb=\dimen184
)
(/usr/share/texmf-dist/tex/generic/pgf/utilities/pgfutil-latex.def
\pgfutil@abb=\box55
)
(/usr/share/texmf-dist/tex/generic/pgf/utilities/pgfrcs.code.tex
(/usr/share/texmf-dist/tex/generic/pgf/pgf.revision.tex)
Package: pgfrcs 2023-01-15 v3.1.10 (3.1.10)
))
Package: pgf 2023-01-15 v3.1.10 (3.1.10)

(/usr/share/texmf-dist/tex/latex/pgf/basiclayer/pgfcore.sty
(/usr/share/texmf-dist/tex/latex/graphics/graphicx.sty
Package: graphicx 2021/09/16 v1.2d Enhanced LaTeX Graphics (DPC,SPQR)

(/usr/share/texmf-dist/tex/latex/graphics/graphics.sty
Package: graphics 2022/03/10 v1.4e Standard LaTeX Graphics (DPC,SPQR)

(/usr/share/texmf-dist/tex/latex/graphics/trig.sty
Package: trig 2021/08/11 v1.11 sin cos tan (DPC)
)
(/usr/share/texmf-dist/tex/latex/graphics-cfg/graphics.cfg
File: graphics.cfg 2016/06/04 v1.11 sample graphics configuration
)
Package graphics Info: Driver file: xetex.def on input line 107.

(/usr/share/texmf-dist/tex/latex/graphics-def/xetex.def
File: xetex.def 2022/09/22 v5.0n Graphics/color driver for xetex
))
\Gin@req@height=\dimen185
\Gin@req@width=\dimen186
)
(/usr/share/texmf-dist/tex/latex/pgf/systemlayer/pgfsys.sty
(/usr/share/texmf-dist/tex/generic/pgf/systemlayer/pgfsys.code.tex
Package: pgfsys 2023-01-15 v3.1.10 (3.1.10)

(/usr/share/texmf-dist/tex/generic/pgf/utilities/pgfkeys.code.tex
\pgfkeys@pathtoks=\toks20
\pgfkeys@temptoks=\toks21

(/usr/share/texmf-dist/tex/generic/pgf/utilities/pgfkeyslibraryfiltered.code.te
x
\pgfkeys@tmptoks=\toks22
))
\pgf@x=\dimen187
\pgf@y=\dimen188
\pgf@xa=\dimen189
\pgf@ya=\dimen190
\pgf@xb=\dimen191
\pgf@yb=\dimen192
\pgf@xc=\dimen193
\pgf@yc=\dimen194
\pgf@xd=\dimen195
\pgf@yd=\dimen196
\w@pgf@writea=\write4
\r@pgf@reada=\read2
\c@pgf@counta=\count295
\c@pgf@countb=\count296
\c@pgf@countc=\count297
\c@pgf@countd=\count298
\t@pgf@toka=\toks23
\t@pgf@tokb=\toks24
\t@pgf@tokc=\toks25
\pgf@sys@id@count=\count299
 (/usr/share/texmf-dist/tex/generic/pgf/systemlayer/pgf.cfg
File: pgf.cfg 2023-01-15 v3.1.10 (3.1.10)
)
Driver file for pgf: pgfsys-xetex.def

(/usr/share/texmf-dist/tex/generic/pgf/systemlayer/pgfsys-xetex.def
File: pgfsys-xetex.def 2023-01-15 v3.1.10 (3.1.10)

(/usr/share/texmf-dist/tex/generic/pgf/systemlayer/pgfsys-dvipdfmx.def
File: pgfsys-dvipdfmx.def 2023-01-15 v3.1.10 (3.1.10)

(/usr/share/texmf-dist/tex/generic/pgf/systemlayer/pgfsys-common-pdf.def
File: pgfsys-common-pdf.def 2023-01-15 v3.1.10 (3.1.10)
)
\pgfsys@objnum=\count300
)))
(/usr/share/texmf-dist/tex/generic/pgf/systemlayer/pgfsyssoftpath.code.tex
File: pgfsyssoftpath.code.tex 2023-01-15 v3.1.10 (3.1.10)
\pgfsyssoftpath@smallbuffer@items=\count301
\pgfsyssoftpath@bigbuffer@items=\count302
)
(/usr/share/texmf-dist/tex/generic/pgf/systemlayer/pgfsysprotocol.code.tex
File: pgfsysprotocol.code.tex 2023-01-15 v3.1.10 (3.1.10)
))
(/usr/share/texmf-dist/tex/latex/xcolor/xcolor.sty
Package: xcolor 2023/11/15 v3.01 LaTeX color extensions (UK)

(/usr/share/texmf-dist/tex/latex/graphics-cfg/color.cfg
File: color.cfg 2016/01/02 v1.6 sample color configuration
)
Package xcolor Info: Driver file: xetex.def on input line 274.

(/usr/share/texmf-dist/tex/latex/graphics/mathcolor.ltx)
Package xcolor Info: Model `cmy' substituted by `cmy0' on input line 1350.
Package xcolor Info: Model `RGB' extended on input line 1366.
Package xcolor Info: Model `HTML' substituted by `rgb' on input line 1368.
Package xcolor Info: Model `Hsb' substituted by `hsb' on input line 1369.
Package xcolor Info: Model `tHsb' substituted by `hsb' on input line 1370.
Package xcolor Info: Model `HSB' substituted by `hsb' on input line 1371.
Package xcolor Info: Model `Gray' substituted by `gray' on input line 1372.
Package xcolor Info: Model `wave' substituted by `hsb' on input line 1373.
)
(/usr/share/texmf-dist/tex/generic/pgf/basiclayer/pgfcore.code.tex
Package: pgfcore 2023-01-15 v3.1.10 (3.1.10)

(/usr/share/texmf-dist/tex/generic/pgf/math/pgfmath.code.tex
(/usr/share/texmf-dist/tex/generic/pgf/math/pgfmathutil.code.tex)
(/usr/share/texmf-dist/tex/generic/pgf/math/pgfmathparser.code.tex
\pgfmath@dimen=\dimen197
\pgfmath@count=\count303
\pgfmath@box=\box56
\pgfmath@toks=\toks26
\pgfmath@stack@operand=\toks27
\pgfmath@stack@operation=\toks28
)
(/usr/share/texmf-dist/tex/generic/pgf/math/pgfmathfunctions.code.tex)
(/usr/share/texmf-dist/tex/generic/pgf/math/pgfmathfunctions.basic.code.tex)
(/usr/share/texmf-dist/tex/generic/pgf/math/pgfmathfunctions.trigonometric.code
.tex)
(/usr/share/texmf-dist/tex/generic/pgf/math/pgfmathfunctions.random.code.tex)
(/usr/share/texmf-dist/tex/generic/pgf/math/pgfmathfunctions.comparison.code.te
x) (/usr/share/texmf-dist/tex/generic/pgf/math/pgfmathfunctions.base.code.tex)
(/usr/share/texmf-dist/tex/generic/pgf/math/pgfmathfunctions.round.code.tex)
(/usr/share/texmf-dist/tex/generic/pgf/math/pgfmathfunctions.misc.code.tex)
(/usr/share/texmf-dist/tex/generic/pgf/math/pgfmathfunctions.integerarithmetics
.code.tex) (/usr/share/texmf-dist/tex/generic/pgf/math/pgfmathcalc.code.tex)
(/usr/share/texmf-dist/tex/generic/pgf/math/pgfmathfloat.code.tex
\c@pgfmathroundto@lastzeros=\count304
))
(/usr/share/texmf-dist/tex/generic/pgf/math/pgfint.code.tex)
(/usr/share/texmf-dist/tex/generic/pgf/basiclayer/pgfcorepoints.code.tex
File: pgfcorepoints.code.tex 2023-01-15 v3.1.10 (3.1.10)
\pgf@picminx=\dimen198
\pgf@picmaxx=\dimen199
\pgf@picminy=\dimen256
\pgf@picmaxy=\dimen257
\pgf@pathminx=\dimen258
\pgf@pathmaxx=\dimen259
\pgf@pathminy=\dimen260
\pgf@pathmaxy=\dimen261
\pgf@xx=\dimen262
\pgf@xy=\dimen263
\pgf@yx=\dimen264
\pgf@yy=\dimen265
\pgf@zx=\dimen266
\pgf@zy=\dimen267
)
(/usr/share/texmf-dist/tex/generic/pgf/basiclayer/pgfcorepathconstruct.code.tex
File: pgfcorepathconstruct.code.tex 2023-01-15 v3.1.10 (3.1.10)
\pgf@path@lastx=\dimen268
\pgf@path@lasty=\dimen269
) (/usr/share/texmf-dist/tex/generic/pgf/basiclayer/pgfcorepathusage.code.tex
File: pgfcorepathusage.code.tex 2023-01-15 v3.1.10 (3.1.10)
\pgf@shorten@end@additional=\dimen270
\pgf@shorten@start@additional=\dimen271
)
(/usr/share/texmf-dist/tex/generic/pgf/basiclayer/pgfcorescopes.code.tex
File: pgfcorescopes.code.tex 2023-01-15 v3.1.10 (3.1.10)
\pgfpic=\box57
\pgf@hbox=\box58
\pgf@layerbox@main=\box59
\pgf@picture@serial@count=\count305
)
(/usr/share/texmf-dist/tex/generic/pgf/basiclayer/pgfcoregraphicstate.code.tex
File: pgfcoregraphicstate.code.tex 2023-01-15 v3.1.10 (3.1.10)
\pgflinewidth=\dimen272
)
(/usr/share/texmf-dist/tex/generic/pgf/basiclayer/pgfcoretransformations.code.t
ex
File: pgfcoretransformations.code.tex 2023-01-15 v3.1.10 (3.1.10)
\pgf@pt@x=\dimen273
\pgf@pt@y=\dimen274
\pgf@pt@temp=\dimen275
) (/usr/share/texmf-dist/tex/generic/pgf/basiclayer/pgfcorequick.code.tex
File: pgfcorequick.code.tex 2023-01-15 v3.1.10 (3.1.10)
)
(/usr/share/texmf-dist/tex/generic/pgf/basiclayer/pgfcoreobjects.code.tex
File: pgfcoreobjects.code.tex 2023-01-15 v3.1.10 (3.1.10)
)
(/usr/share/texmf-dist/tex/generic/pgf/basiclayer/pgfcorepathprocessing.code.te
x
File: pgfcorepathprocessing.code.tex 2023-01-15 v3.1.10 (3.1.10)
) (/usr/share/texmf-dist/tex/generic/pgf/basiclayer/pgfcorearrows.code.tex
File: pgfcorearrows.code.tex 2023-01-15 v3.1.10 (3.1.10)
\pgfarrowsep=\dimen276
)
(/usr/share/texmf-dist/tex/generic/pgf/basiclayer/pgfcoreshade.code.tex
File: pgfcoreshade.code.tex 2023-01-15 v3.1.10 (3.1.10)
\pgf@max=\dimen277
\pgf@sys@shading@range@num=\count306
\pgf@shadingcount=\count307
)
(/usr/share/texmf-dist/tex/generic/pgf/basiclayer/pgfcoreimage.code.tex
File: pgfcoreimage.code.tex 2023-01-15 v3.1.10 (3.1.10)
)
(/usr/share/texmf-dist/tex/generic/pgf/basiclayer/pgfcoreexternal.code.tex
File: pgfcoreexternal.code.tex 2023-01-15 v3.1.10 (3.1.10)
\pgfexternal@startupbox=\box60
)
(/usr/share/texmf-dist/tex/generic/pgf/basiclayer/pgfcorelayers.code.tex
File: pgfcorelayers.code.tex 2023-01-15 v3.1.10 (3.1.10)
)
(/usr/share/texmf-dist/tex/generic/pgf/basiclayer/pgfcoretransparency.code.tex
File: pgfcoretransparency.code.tex 2023-01-15 v3.1.10 (3.1.10)
) (/usr/share/texmf-dist/tex/generic/pgf/basiclayer/pgfcorepatterns.code.tex
File: pgfcorepatterns.code.tex 2023-01-15 v3.1.10 (3.1.10)
)
(/usr/share/texmf-dist/tex/generic/pgf/basiclayer/pgfcorerdf.code.tex
File: pgfcorerdf.code.tex 2023-01-15 v3.1.10 (3.1.10)
)))
(/usr/share/texmf-dist/tex/generic/pgf/modules/pgfmoduleshapes.code.tex
File: pgfmoduleshapes.code.tex 2023-01-15 v3.1.10 (3.1.10)
\pgfnodeparttextbox=\box61
)
(/usr/share/texmf-dist/tex/generic/pgf/modules/pgfmoduleplot.code.tex
File: pgfmoduleplot.code.tex 2023-01-15 v3.1.10 (3.1.10)
)
(/usr/share/texmf-dist/tex/latex/pgf/compatibility/pgfcomp-version-0-65.sty
Package: pgfcomp-version-0-65 2023-01-15 v3.1.10 (3.1.10)
\pgf@nodesepstart=\dimen278
\pgf@nodesepend=\dimen279
)
(/usr/share/texmf-dist/tex/latex/pgf/compatibility/pgfcomp-version-1-18.sty
Package: pgfcomp-version-1-18 2023-01-15 v3.1.10 (3.1.10)
))
(/usr/share/texmf-dist/tex/latex/pgf/utilities/pgffor.sty
(/usr/share/texmf-dist/tex/latex/pgf/utilities/pgfkeys.sty
(/usr/share/texmf-dist/tex/generic/pgf/utilities/pgfkeys.code.tex))
(/usr/share/texmf-dist/tex/latex/pgf/math/pgfmath.sty
(/usr/share/texmf-dist/tex/generic/pgf/math/pgfmath.code.tex))
(/usr/share/texmf-dist/tex/generic/pgf/utilities/pgffor.code.tex
Package: pgffor 2023-01-15 v3.1.10 (3.1.10)
\pgffor@iter=\dimen280
\pgffor@skip=\dimen281
\pgffor@stack=\toks29
\pgffor@toks=\toks30
))
(/usr/share/texmf-dist/tex/generic/pgf/frontendlayer/tikz/tikz.code.tex
Package: tikz 2023-01-15 v3.1.10 (3.1.10)

(/usr/share/texmf-dist/tex/generic/pgf/libraries/pgflibraryplothandlers.code.te
x
File: pgflibraryplothandlers.code.tex 2023-01-15 v3.1.10 (3.1.10)
\pgf@plot@mark@count=\count308
\pgfplotmarksize=\dimen282
)
\tikz@lastx=\dimen283
\tikz@lasty=\dimen284
\tikz@lastxsaved=\dimen285
\tikz@lastysaved=\dimen286
\tikz@lastmovetox=\dimen287
\tikz@lastmovetoy=\dimen288
\tikzleveldistance=\dimen289
\tikzsiblingdistance=\dimen290
\tikz@figbox=\box62
\tikz@figbox@bg=\box63
\tikz@tempbox=\box64
\tikz@tempbox@bg=\box65
\tikztreelevel=\count309
\tikznumberofchildren=\count310
\tikznumberofcurrentchild=\count311
\tikz@fig@count=\count312
 (/usr/share/texmf-dist/tex/generic/pgf/modules/pgfmodulematrix.code.tex
File: pgfmodulematrix.code.tex 2023-01-15 v3.1.10 (3.1.10)
\pgfmatrixcurrentrow=\count313
\pgfmatrixcurrentcolumn=\count314
\pgf@matrix@numberofcolumns=\count315
)
\tikz@expandcount=\count316

(/usr/share/texmf-dist/tex/generic/pgf/frontendlayer/tikz/libraries/tikzlibrary
topaths.code.tex
File: tikzlibrarytopaths.code.tex 2023-01-15 v3.1.10 (3.1.10)
))) (/usr/share/texmf-dist/tex/latex/float/float.sty
Package: float 2001/11/08 v1.3d Float enhancements (AL)
\c@float@type=\count317
\float@exts=\toks31
\float@box=\box66
\@float@everytoks=\toks32
\@floatcapt=\box67
)

Package fontspec Info: Font family 'TimesNewRoman(0)' created for font 'Times
(fontspec)             New Roman' with options [Ligatures=TeX].
(fontspec)              
(fontspec)              This font family consists of the following NFSS
(fontspec)             series/shapes:
(fontspec)              
(fontspec)             - 'normal' (m/n) with NFSS spec.: <->"Times New
(fontspec)             Roman/OT:script=latn;language=dflt;mapping=tex-text;"
(fontspec)             - 'small caps'  (m/sc) with NFSS spec.: <->"Times New
(fontspec)             Roman/OT:script=latn;language=dflt;+smcp;mapping=tex-tex
t;"
(fontspec)             - 'bold' (b/n) with NFSS spec.: <->"Times New
(fontspec)             Roman/B/OT:script=latn;language=dflt;mapping=tex-text;"
(fontspec)             - 'bold small caps'  (b/sc) with NFSS spec.: <->"Times
(fontspec)             New
(fontspec)             Roman/B/OT:script=latn;language=dflt;+smcp;mapping=tex-t
ext;"
(fontspec)             - 'italic' (m/it) with NFSS spec.: <->"Times New
(fontspec)             Roman/I/OT:script=latn;language=dflt;mapping=tex-text;"
(fontspec)             - 'italic small caps'  (m/scit) with NFSS spec.:
(fontspec)             <->"Times New
(fontspec)             Roman/I/OT:script=latn;language=dflt;+smcp;mapping=tex-t
ext;"
(fontspec)             - 'bold italic' (b/it) with NFSS spec.: <->"Times New
(fontspec)             Roman/BI/OT:script=latn;language=dflt;mapping=tex-text;"

(fontspec)             - 'bold italic small caps'  (b/scit) with NFSS spec.:
(fontspec)             <->"Times New
(fontspec)             Roman/BI/OT:script=latn;language=dflt;+smcp;mapping=tex-
text;"


(/usr/share/texmf-dist/tex/latex/hyperref/hyperref.sty
Package: hyperref 2024-01-20 v7.01h Hypertext links for LaTeX

(/usr/share/texmf-dist/tex/latex/kvsetkeys/kvsetkeys.sty
Package: kvsetkeys 2022-10-05 v1.19 Key value parser (HO)
)
(/usr/share/texmf-dist/tex/generic/kvdefinekeys/kvdefinekeys.sty
Package: kvdefinekeys 2019-12-19 v1.6 Define keys (HO)
)
(/usr/share/texmf-dist/tex/generic/pdfescape/pdfescape.sty
Package: pdfescape 2019/12/09 v1.15 Implements pdfTeX's escape features (HO)

(/usr/share/texmf-dist/tex/generic/ltxcmds/ltxcmds.sty
Package: ltxcmds 2023-12-04 v1.26 LaTeX kernel commands for general use (HO)
)
(/usr/share/texmf-dist/tex/generic/pdftexcmds/pdftexcmds.sty
Package: pdftexcmds 2020-06-27 v0.33 Utility functions of pdfTeX for LuaTeX (HO
)

(/usr/share/texmf-dist/tex/generic/infwarerr/infwarerr.sty
Package: infwarerr 2019/12/03 v1.5 Providing info/warning/error messages (HO)
)
Package pdftexcmds Info: \pdf@primitive is available.
Package pdftexcmds Info: \pdf@ifprimitive is available.
Package pdftexcmds Info: \pdfdraftmode not found.
))
(/usr/share/texmf-dist/tex/latex/hycolor/hycolor.sty
Package: hycolor 2020-01-27 v1.10 Color options for hyperref/bookmark (HO)
)
(/usr/share/texmf-dist/tex/latex/auxhook/auxhook.sty
Package: auxhook 2019-12-17 v1.6 Hooks for auxiliary files (HO)
)
(/usr/share/texmf-dist/tex/latex/hyperref/nameref.sty
Package: nameref 2023-11-26 v2.56 Cross-referencing by name of section

(/usr/share/texmf-dist/tex/latex/refcount/refcount.sty
Package: refcount 2019/12/15 v3.6 Data extraction from label references (HO)
)
(/usr/share/texmf-dist/tex/generic/gettitlestring/gettitlestring.sty
Package: gettitlestring 2019/12/15 v1.6 Cleanup title references (HO)

(/usr/share/texmf-dist/tex/latex/kvoptions/kvoptions.sty
Package: kvoptions 2022-06-15 v3.15 Key value format for package options (HO)
))
\c@section@level=\count318
)
(/usr/share/texmf-dist/tex/latex/etoolbox/etoolbox.sty
Package: etoolbox 2020/10/05 v2.5k e-TeX tools for LaTeX (JAW)
\etb@tempcnta=\count319
)
\@linkdim=\dimen291
\Hy@linkcounter=\count320
\Hy@pagecounter=\count321

(/usr/share/texmf-dist/tex/latex/hyperref/pd1enc.def
File: pd1enc.def 2024-01-20 v7.01h Hyperref: PDFDocEncoding definition (HO)
)
(/usr/share/texmf-dist/tex/generic/intcalc/intcalc.sty
Package: intcalc 2019/12/15 v1.3 Expandable calculations with integers (HO)
)
\Hy@SavedSpaceFactor=\count322

(/usr/share/texmf-dist/tex/latex/hyperref/puenc.def
File: puenc.def 2024-01-20 v7.01h Hyperref: PDF Unicode definition (HO)
)
Package hyperref Info: Option `unicode' set `true' on input line 4062.
Package hyperref Info: Option `bookmarksopen' set `true' on input line 4062.
Package hyperref Info: Option `bookmarksnumbered' set `true' on input line 4062
.
Package hyperref Info: Option `colorlinks' set `true' on input line 4062.
Package hyperref Info: Option `hyperfootnotes' set `false' on input line 4062.
Package hyperref Info: Hyper figures OFF on input line 4179.
Package hyperref Info: Link nesting OFF on input line 4184.
Package hyperref Info: Hyper index ON on input line 4187.
Package hyperref Info: Plain pages OFF on input line 4194.
Package hyperref Info: Backreferencing OFF on input line 4199.
Package hyperref Info: Implicit mode ON; LaTeX internals redefined.
Package hyperref Info: Bookmarks ON on input line 4446.
\c@Hy@tempcnt=\count323

(/usr/share/texmf-dist/tex/latex/url/url.sty
\Urlmuskip=\muskip17
Package: url 2013/09/16  ver 3.4  Verb mode for urls, etc.
)
LaTeX Info: Redefining \url on input line 4784.
\XeTeXLinkMargin=\dimen292

(/usr/share/texmf-dist/tex/generic/bitset/bitset.sty
Package: bitset 2019/12/09 v1.3 Handle bit-vector datatype (HO)

(/usr/share/texmf-dist/tex/generic/bigintcalc/bigintcalc.sty
Package: bigintcalc 2019/12/15 v1.5 Expandable calculations on big integers (HO
)
))
\Fld@menulength=\count324
\Field@Width=\dimen293
\Fld@charsize=\dimen294
Package hyperref Info: Hyper figures OFF on input line 6063.
Package hyperref Info: Link nesting OFF on input line 6068.
Package hyperref Info: Hyper index ON on input line 6071.
Package hyperref Info: backreferencing OFF on input line 6078.
Package hyperref Info: Link coloring ON on input line 6081.
Package hyperref Info: Link coloring with OCG OFF on input line 6088.
Package hyperref Info: PDF/A mode OFF on input line 6093.

(/usr/share/texmf-dist/tex/latex/base/atbegshi-ltx.sty
Package: atbegshi-ltx 2021/01/10 v1.0c Emulation of the original atbegshi
package with kernel methods
)
\Hy@abspage=\count325
\c@Item=\count326
)
Package hyperref Info: Driver (autodetected): hxetex.

(/usr/share/texmf-dist/tex/latex/hyperref/hxetex.def
File: hxetex.def 2024-01-20 v7.01h Hyperref driver for XeTeX

(/usr/share/texmf-dist/tex/generic/stringenc/stringenc.sty
Package: stringenc 2019/11/29 v1.12 Convert strings between diff. encodings (HO
)
)
\pdfm@box=\box68
\c@Hy@AnnotLevel=\count327
\HyField@AnnotCount=\count328
\Fld@listcount=\count329
\c@bookmark@seq@number=\count330

(/usr/share/texmf-dist/tex/latex/rerunfilecheck/rerunfilecheck.sty
Package: rerunfilecheck 2022-07-10 v1.10 Rerun checks for auxiliary files (HO)

(/usr/share/texmf-dist/tex/latex/base/atveryend-ltx.sty
Package: atveryend-ltx 2020/08/19 v1.0a Emulation of the original atveryend pac
kage
with kernel methods
)
(/usr/share/texmf-dist/tex/generic/uniquecounter/uniquecounter.sty
Package: uniquecounter 2019/12/15 v1.4 Provide unlimited unique counter (HO)
)
Package uniquecounter Info: New unique counter `rerunfilecheck' on input line 2
85.
)
\Hy@SectionHShift=\skip60
)
(/usr/share/texmf-dist/tex/latex/ocgx2/ocgx2.sty
Package: ocgx2 2022/12/16 v0.56 ports`ocgx'functionalitytodvips+ps2pdf,xelatexa
nddvipdfmx

(/usr/share/texmf-dist/tex/latex/ocgx2/ocgbase.sty
Package: ocgbase 2022/08/04 v0.22 support package for ocgx2.sty

(/usr/share/texmf-dist/tex/latex/media9/pdfbase.sty
Package: pdfbase 2022/08/04 v0.55 driver independent access to low-level PDF fe
atures
\g_pbs_page_int=\count331
\g_pbs_obj_int=\count332
\g_pbs_oc_int=\count333
)
\g_ocgbase_nd_int=\count334
)
\l_ocgxii_vp_cnt_int=\count335
\l_ocgxii_ve_cnt_int=\count336
\g_ocgxii_page_int=\count337
\g_ocgxii_widcount_int=\count338
)
(/usr/share/texmf-dist/tex/latex/tools/calc.sty
Package: calc 2023/07/08 v4.3 Infix arithmetic (KKT,FJ)
\calc@Acount=\count339
\calc@Bcount=\count340
\calc@Adimen=\dimen295
\calc@Bdimen=\dimen296
\calc@Askip=\skip61
\calc@Bskip=\skip62
LaTeX Info: Redefining \setlength on input line 80.
LaTeX Info: Redefining \addtolength on input line 81.
\calc@Ccount=\count341
\calc@Cskip=\skip63
)
\ItrLenMax=\skip64
\c@ItrCtr=\count342
 (./fncychap.sty
Package: fncychap 2007/07/30 v1.34 LaTeX package (Revised chapters)
\RW=\skip65
\mylen=\skip66
\myhi=\skip67
\px=\skip68
\py=\skip69
\pyy=\skip70
\pxx=\skip71
)
(/usr/share/texmf-dist/tex/latex/tcolorbox/tcolorbox.sty
Package: tcolorbox 2024/01/10 version 6.2.0 text color boxes

(/usr/share/texmf-dist/tex/latex/tools/verbatim.sty
Package: verbatim 2023-11-06 v1.5v LaTeX2e package for verbatim enhancements
\every@verbatim=\toks33
\verbatim@line=\toks34
\verbatim@in@stream=\read3
)
(/usr/share/texmf-dist/tex/latex/environ/environ.sty
Package: environ 2014/05/04 v0.3 A new way to define environments

(/usr/share/texmf-dist/tex/latex/trimspaces/trimspaces.sty
Package: trimspaces 2009/09/17 v1.1 Trim spaces around a token list
)
\@envbody=\toks35
)
\tcb@titlebox=\box69
\tcb@upperbox=\box70
\tcb@lowerbox=\box71
\tcb@phantombox=\box72
\c@tcbbreakpart=\count343
\c@tcblayer=\count344
\c@tcolorbox@number=\count345
\l__tcobox_tmpa_box=\box73
\l__tcobox_tmpa_dim=\dimen297
\tcb@temp=\box74
\tcb@temp=\box75
\tcb@temp=\box76
\tcb@temp=\box77
) (./mgnote.sty
Package: mgnote enhanced margin notes

(/usr/share/texmf-dist/tex/generic/pgf/frontendlayer/tikz/libraries/tikzlibrary
calc.code.tex
File: tikzlibrarycalc.code.tex 2023-01-15 v3.1.10 (3.1.10)
)
(/usr/share/texmf-dist/tex/generic/pgf/frontendlayer/tikz/libraries/tikzlibrary
positioning.code.tex
File: tikzlibrarypositioning.code.tex 2023-01-15 v3.1.10 (3.1.10)
)
\c@OverAllMgCtr=\count346
\MgOffset=\skip72
\c@MgCtr=\count347
) (/usr/share/texmf-dist/tex/latex/fancyhdr/fancyhdr.sty
Package: fancyhdr 2022/11/09 v4.1 Extensive control of page headers and footers

\f@nch@headwidth=\skip73
\f@nch@O@elh=\skip74
\f@nch@O@erh=\skip75
\f@nch@O@olh=\skip76
\f@nch@O@orh=\skip77
\f@nch@O@elf=\skip78
\f@nch@O@erf=\skip79
\f@nch@O@olf=\skip80
\f@nch@O@orf=\skip81
)
(/usr/share/texmf-dist/tex/latex/amsmath/amsmath.sty
Package: amsmath 2023/05/13 v2.17o AMS math features
\@mathmargin=\skip82

For additional information on amsmath, use the `?' option.
(/usr/share/texmf-dist/tex/latex/amsmath/amstext.sty
Package: amstext 2021/08/26 v2.01 AMS text

(/usr/share/texmf-dist/tex/latex/amsmath/amsgen.sty
File: amsgen.sty 1999/11/30 v2.0 generic functions
\@emptytoks=\toks36
\ex@=\dimen298
))
(/usr/share/texmf-dist/tex/latex/amsmath/amsbsy.sty
Package: amsbsy 1999/11/29 v1.2d Bold Symbols
\pmbraise@=\dimen299
)
(/usr/share/texmf-dist/tex/latex/amsmath/amsopn.sty
Package: amsopn 2022/04/08 v2.04 operator names
)
\inf@bad=\count348
LaTeX Info: Redefining \frac on input line 234.
\uproot@=\count349
\leftroot@=\count350
LaTeX Info: Redefining \overline on input line 399.
LaTeX Info: Redefining \colon on input line 410.
\classnum@=\count351
\DOTSCASE@=\count352
LaTeX Info: Redefining \ldots on input line 496.
LaTeX Info: Redefining \dots on input line 499.
LaTeX Info: Redefining \cdots on input line 620.
\Mathstrutbox@=\box78
\strutbox@=\box79
LaTeX Info: Redefining \big on input line 722.
LaTeX Info: Redefining \Big on input line 723.
LaTeX Info: Redefining \bigg on input line 724.
LaTeX Info: Redefining \Bigg on input line 725.
\big@size=\dimen300
LaTeX Font Info:    Redeclaring font encoding OML on input line 743.
LaTeX Font Info:    Redeclaring font encoding OMS on input line 744.
\macc@depth=\count353
LaTeX Info: Redefining \bmod on input line 905.
LaTeX Info: Redefining \pmod on input line 910.
LaTeX Info: Redefining \smash on input line 940.
LaTeX Info: Redefining \relbar on input line 970.
LaTeX Info: Redefining \Relbar on input line 971.
\c@MaxMatrixCols=\count354
\dotsspace@=\muskip18
\c@parentequation=\count355
\dspbrk@lvl=\count356
\tag@help=\toks37
\row@=\count357
\column@=\count358
\maxfields@=\count359
\andhelp@=\toks38
\eqnshift@=\dimen301
\alignsep@=\dimen302
\tagshift@=\dimen303
\tagwidth@=\dimen304
\totwidth@=\dimen305
\lineht@=\dimen306
\@envbody=\toks39
\multlinegap=\skip83
\multlinetaggap=\skip84
\mathdisplay@stack=\toks40
LaTeX Info: Redefining \[ on input line 2953.
LaTeX Info: Redefining \] on input line 2954.
)
(/usr/share/texmf-dist/tex/latex/tools/bm.sty
Package: bm 2023/07/08 v1.2f Bold Symbol Support (DPC/FMi)
\symboldoperators=\mathgroup4
\symboldletters=\mathgroup5
\symboldsymbols=\mathgroup6
Package bm Info: No bold for \OMX/cmex/m/n, using \pmb.
LaTeX Font Info:    Redeclaring math alphabet \mathbf on input line 149.
) (./reftree.sty
Package: reftree strong label and ref
\c@RTCtr=\count360

(/usr/share/texmf-dist/tex/latex/cleveref/cleveref.sty
Package: cleveref 2018/03/27 v0.21.4 Intelligent cross-referencing
Package cleveref Info: `hyperref' support loaded on input line 2370.
LaTeX Info: Redefining \cref on input line 2370.
LaTeX Info: Redefining \Cref on input line 2370.
LaTeX Info: Redefining \crefrange on input line 2370.
LaTeX Info: Redefining \Crefrange on input line 2370.
LaTeX Info: Redefining \cpageref on input line 2370.
LaTeX Info: Redefining \Cpageref on input line 2370.
LaTeX Info: Redefining \cpagerefrange on input line 2370.
LaTeX Info: Redefining \Cpagerefrange on input line 2370.
LaTeX Info: Redefining \labelcref on input line 2370.
LaTeX Info: Redefining \labelcpageref on input line 2370.
)
\RTLabelOffset=\skip85
\RTRefOffset=\skip86
)
(/usr/share/texmf-dist/tex/latex/tabularray/tabularray.sty
Package: tabularray 2024-02-16 v2024A Typeset tabulars and arrays with LaTeX3
\l__tblr_a_int=\count361
\l__tblr_c_int=\count362
\l__tblr_r_int=\count363
\l__tblr_d_dim=\dimen307
\l__tblr_h_dim=\dimen308
\l__tblr_o_dim=\dimen309
\l__tblr_p_dim=\dimen310
\l__tblr_q_dim=\dimen311
\l__tblr_r_dim=\dimen312
\l__tblr_s_dim=\dimen313
\l__tblr_t_dim=\dimen314
\l__tblr_v_dim=\dimen315
\l__tblr_w_dim=\dimen316
\l__tblr_a_box=\box80
\l__tblr_b_box=\box81
\l__tblr_c_box=\box82
\l__tblr_d_box=\box83
\g__tblr_table_count_int=\count364
\c@rownum=\count365
\c@colnum=\count366
\c@rowcount=\count367
\c@colcount=\count368
\abovesep=\dimen317
\belowsep=\dimen318
\leftsep=\dimen319
\rightsep=\dimen320
\g_tblr_level_int=\count369
\g__tblr_data_row_key_count_int=\count370
\g__tblr_data_column_key_count_int=\count371
\g__tblr_data_cell_key_count_int=\count372
\g__tblr_array_int=\count373
\l__tblr_key_count_int=\count374
\l__tblr_key_quotient_int=\count375
\l__tblr_key_quotient_two_int=\count376
\l__tblr_key_remainder_int=\count377
\g__tblr_data_str_value_count_int=\count378
\rulewidth=\dimen321
\l__tblr_strut_dp_dim=\dimen322
\l__tblr_strut_ht_dim=\dimen323
\g__tblr_cell_wd_dim=\dimen324
\g__tblr_cell_ht_dim=\dimen325
\g__tblr_cell_head_dim=\dimen326
\g__tblr_cell_foot_dim=\dimen327
\l__column_target_dim=\dimen328
\l__tblr_caption_box=\box84
\l__tblr_caption_left_box=\box85
\l__tblr_row_head_box=\box86
\l__tblr_row_foot_box=\box87
\l__tblr_row_head_foot_dim=\dimen329
\tablewidth=\dimen330
\l__tblr_table_firsthead_box=\box88
\l__tblr_table_middlehead_box=\box89
\l__tblr_table_lasthead_box=\box90
\l__tblr_table_firstfoot_box=\box91
\l__tblr_table_middlefoot_box=\box92
\l__tblr_table_lastfoot_box=\box93
\l__tblr_remain_height_dim=\dimen331
\l__tblr_long_from_int=\count379
\l__tblr_long_to_int=\count380
\l__tblr_curr_i_int=\count381
\l__tblr_prev_i_int=\count382
\l__tblr_table_page_int=\count383
\l__tblr_table_head_box=\box94
\l__tblr_table_foot_box=\box95
\l__tblr_table_head_foot_dim=\dimen332
\l__tblr_table_head_body_foot_dim=\dimen333
\l__tblr_table_box=\box96
\l__tblr_table_hlines_box=\box97
\l__tblr_hline_box=\box98
\l__tblr_row_box=\box99
\l__tblr_col_o_wd_dim=\dimen334
\l__tblr_col_b_wd_dim=\dimen335
\l__tblr_hline_leftskip_dim=\dimen336
\l__tblr_hline_rightskip_dim=\dimen337
\l__tblr_row_ht_dim=\dimen338
\l__tblr_row_dp_dim=\dimen339
\l__tblr_row_abovesep_dim=\dimen340
\l__tblr_row_belowsep_dim=\dimen341
\l__tblr_row_vlines_box=\box100
\l__tblr_vline_box=\box101
\l__tblr_cell_box=\box102
\l__row_upper_dim=\dimen342
\l__row_lower_dim=\dimen343
\l__row_vpace_dim=\dimen344
\l__tblr_vline_aboveskip_dim=\dimen345
\l__tblr_vline_belowskip_dim=\dimen346
\l__tblr_cell_wd_dim=\dimen347
\l__tblr_cell_ht_dim=\dimen348
\l__tblr_diag_box=\box103
)
(/usr/share/texmf-dist/tex/latex/tcolorbox/tcbraster.code.tex
Library (tcolorbox): 'tcbraster.code.tex' version '6.2.0'
\c@tcbrastercolumn=\count384
\c@tcbrasterrow=\count385
\c@tcbrasternum=\count386
\c@tcbraster=\count387
) (/usr/share/texmf-dist/tex/latex/tcolorbox/tcbskins.code.tex
Library (tcolorbox): 'tcbskins.code.tex' version '6.2.0'
(/usr/share/texmf-dist/tex/latex/tikzfill/tikzfill.image.sty
Package: tikzfill.image 2023/08/08 v1.0.1 Image filling library for TikZ

(/usr/share/texmf-dist/tex/latex/tikzfill/tikzfill-common.sty
Package: tikzfill-common 2023/08/08 v1.0.1 Auxiliary code for tikzfill
)
(/usr/share/texmf-dist/tex/latex/tikzfill/tikzlibraryfill.image.code.tex
File: tikzlibraryfill.image.code.tex 2023/08/08 v1.0.1 Image filling library
\l__tikzfill_img_box=\box104
))
(/usr/share/texmf-dist/tex/latex/tcolorbox/tcbskinsjigsaw.code.tex
Library (tcolorbox): 'tcbskinsjigsaw.code.tex' version '6.2.0'
)) (/usr/share/texmf-dist/tex/latex/tcolorbox/tcbbreakable.code.tex
Library (tcolorbox): 'tcbbreakable.code.tex' version '6.2.0'
(/usr/share/texmf-dist/tex/latex/pdfcol/pdfcol.sty
Package: pdfcol 2022-09-21 v1.7 Handle new color stacks for pdfTeX (HO)
Package pdfcol Info: Interface disabled because of missing PDF mode of pdfTeX.
)
Package pdfcol Info: pdfTeX's color stacks are not available.
\tcb@testbox=\box105
\tcb@totalupperbox=\box106
\tcb@totallowerbox=\box107
)
(/usr/share/texmf-dist/tex/latex/tcolorbox/tcbhooks.code.tex
Library (tcolorbox): 'tcbhooks.code.tex' version '6.2.0'
) (/usr/share/texmf-dist/tex/latex/tcolorbox/tcbtheorems.code.tex
Library (tcolorbox): 'tcbtheorems.code.tex' version '6.2.0'
) (/usr/share/texmf-dist/tex/latex/tcolorbox/tcbfitting.code.tex
Library (tcolorbox): 'tcbfitting.code.tex' version '6.2.0'
\tcbfitdim=\dimen349
\tcb@lowerfitdim=\dimen350
\tcb@upperfitdim=\dimen351
\tcb@cur@hbadness=\count388
) (/usr/share/texmf-dist/tex/latex/tcolorbox/tcblistingsutf8.code.tex
Library (tcolorbox): 'tcblistingsutf8.code.tex' version '6.2.0'
(/usr/share/texmf-dist/tex/latex/tcolorbox/tcblistings.code.tex
Library (tcolorbox): 'tcblistings.code.tex' version '6.2.0'
(/usr/share/texmf-dist/tex/latex/listings/listings.sty
\lst@mode=\count389
\lst@gtempboxa=\box108
\lst@token=\toks41
\lst@length=\count390
\lst@currlwidth=\dimen352
\lst@column=\count391
\lst@pos=\count392
\lst@lostspace=\dimen353
\lst@width=\dimen354
\lst@newlines=\count393
\lst@lineno=\count394
\lst@maxwidth=\dimen355

(/usr/share/texmf-dist/tex/latex/listings/lstpatch.sty
File: lstpatch.sty 2024/02/21 1.10 (Carsten Heinz)
)
(/usr/share/texmf-dist/tex/latex/listings/lstmisc.sty
File: lstmisc.sty 2024/02/21 1.10 (Carsten Heinz)
\c@lstnumber=\count395
\lst@skipnumbers=\count396
\lst@framebox=\box109
)
(/usr/share/texmf-dist/tex/latex/listings/listings.cfg
File: listings.cfg 2024/02/21 1.10 listings configuration
))
Package: listings 2024/02/21 1.10 (Carsten Heinz)

(/usr/share/texmf-dist/tex/xelatex/xecjk/xeCJK-listings.sty
Package: xeCJK-listings 2022/08/05 v3.9.1 xeCJK patch file for listings
\l__xeCJK_listings_max_char_int=\count397
\l__xeCJK_listings_flag_int=\count398
)
(/usr/share/texmf-dist/tex/latex/tcolorbox/tcblistingscore.code.tex
Library (tcolorbox): 'tcblistingscore.code.tex' version '6.2.0'
(/usr/share/texmf-dist/tex/latex/tcolorbox/tcbprocessing.code.tex
Library (tcolorbox): 'tcbprocessing.code.tex' version '6.2.0'
)
\c@tcblisting=\count399
))
Package tcolorbox Info: Library `listingsutf8' is compatible with pdftex only. 
Library `listings` is loaded instead. on input line 29.
) (/usr/share/texmf-dist/tex/latex/tcolorbox/tcbexternal.code.tex
Library (tcolorbox): 'tcbexternal.code.tex' version '6.2.0'
) (/usr/share/texmf-dist/tex/latex/tcolorbox/tcbmagazine.code.tex
Library (tcolorbox): 'tcbmagazine.code.tex' version '6.2.0'
) (/usr/share/texmf-dist/tex/latex/tcolorbox/tcbvignette.code.tex
Library (tcolorbox): 'tcbvignette.code.tex' version '6.2.0'

(/usr/share/texmf-dist/tex/generic/pgf/frontendlayer/tikz/libraries/tikzlibrary
fadings.code.tex
File: tikzlibraryfadings.code.tex 2023-01-15 v3.1.10 (3.1.10)

(/usr/share/texmf-dist/tex/generic/pgf/libraries/pgflibraryfadings.code.tex
File: pgflibraryfadings.code.tex 2023-01-15 v3.1.10 (3.1.10)
)))
(/usr/share/texmf-dist/tex/latex/tcolorbox/tcbposter.code.tex
Library (tcolorbox): 'tcbposter.code.tex' version '6.2.0'
)
\c@law=\count400
\c@prove=\count401
\c@example=\count402
\c@ex=\count403
\c@solution=\count404
\c@so=\count405
\c@apart=\count406
) (/usr/share/texmf-dist/tex/latex/was/upgreek.sty
Package: upgreek 2003/02/12 v2.0 (WaS)
Package upgreek Info: Using Euler Roman for upright Greek on input line 31.
\symugrf@m=\mathgroup7
LaTeX Font Info:    Overwriting symbol font `ugrf@m' in version `bold'
(Font)                  U/eur/m/n --> U/eur/b/n on input line 38.
) (./tikzit.sty
(/usr/share/texmf-dist/tex/generic/pgf/frontendlayer/tikz/libraries/tikzlibrary
backgrounds.code.tex
File: tikzlibrarybackgrounds.code.tex 2023-01-15 v3.1.10 (3.1.10)
\pgf@layerbox@background=\box110
\pgf@layerboxsaved@background=\box111
)
(/usr/share/texmf-dist/tex/generic/pgf/frontendlayer/tikz/libraries/tikzlibrary
arrows.code.tex
File: tikzlibraryarrows.code.tex 2023-01-15 v3.1.10 (3.1.10)

(/usr/share/texmf-dist/tex/generic/pgf/libraries/pgflibraryarrows.code.tex
File: pgflibraryarrows.code.tex 2023-01-15 v3.1.10 (3.1.10)
\arrowsize=\dimen356
))
(/usr/share/texmf-dist/tex/generic/pgf/frontendlayer/tikz/libraries/tikzlibrary
shapes.code.tex
File: tikzlibraryshapes.code.tex 2023-01-15 v3.1.10 (3.1.10)

(/usr/share/texmf-dist/tex/generic/pgf/frontendlayer/tikz/libraries/tikzlibrary
shapes.geometric.code.tex
File: tikzlibraryshapes.geometric.code.tex 2023-01-15 v3.1.10 (3.1.10)

(/usr/share/texmf-dist/tex/generic/pgf/libraries/shapes/pgflibraryshapes.geomet
ric.code.tex
File: pgflibraryshapes.geometric.code.tex 2023-01-15 v3.1.10 (3.1.10)
))
(/usr/share/texmf-dist/tex/generic/pgf/frontendlayer/tikz/libraries/tikzlibrary
shapes.misc.code.tex
File: tikzlibraryshapes.misc.code.tex 2023-01-15 v3.1.10 (3.1.10)

(/usr/share/texmf-dist/tex/generic/pgf/libraries/shapes/pgflibraryshapes.misc.c
ode.tex
File: pgflibraryshapes.misc.code.tex 2023-01-15 v3.1.10 (3.1.10)
))
(/usr/share/texmf-dist/tex/generic/pgf/frontendlayer/tikz/libraries/tikzlibrary
shapes.symbols.code.tex
File: tikzlibraryshapes.symbols.code.tex 2023-01-15 v3.1.10 (3.1.10)

(/usr/share/texmf-dist/tex/generic/pgf/libraries/shapes/pgflibraryshapes.symbol
s.code.tex
File: pgflibraryshapes.symbols.code.tex 2023-01-15 v3.1.10 (3.1.10)
))
(/usr/share/texmf-dist/tex/generic/pgf/frontendlayer/tikz/libraries/tikzlibrary
shapes.arrows.code.tex
File: tikzlibraryshapes.arrows.code.tex 2023-01-15 v3.1.10 (3.1.10)

(/usr/share/texmf-dist/tex/generic/pgf/libraries/shapes/pgflibraryshapes.arrows
.code.tex
File: pgflibraryshapes.arrows.code.tex 2023-01-15 v3.1.10 (3.1.10)
))
(/usr/share/texmf-dist/tex/generic/pgf/frontendlayer/tikz/libraries/tikzlibrary
shapes.callouts.code.tex
(/usr/share/texmf-dist/tex/generic/pgf/libraries/shapes/pgflibraryshapes.callou
ts.code.tex))
(/usr/share/texmf-dist/tex/generic/pgf/frontendlayer/tikz/libraries/tikzlibrary
shapes.multipart.code.tex
File: tikzlibraryshapes.multipart.code.tex 2023-01-15 v3.1.10 (3.1.10)

(/usr/share/texmf-dist/tex/generic/pgf/libraries/shapes/pgflibraryshapes.multip
art.code.tex
File: pgflibraryshapes.multipart.code.tex 2023-01-15 v3.1.10 (3.1.10)
\pgfnodepartlowerbox=\box112
\pgfnodeparttwobox=\box113
\pgfnodepartthreebox=\box114
\pgfnodepartfourbox=\box115
\pgfnodeparttwentybox=\box116
\pgfnodepartnineteenbox=\box117
\pgfnodeparteighteenbox=\box118
\pgfnodepartseventeenbox=\box119
\pgfnodepartsixteenbox=\box120
\pgfnodepartfifteenbox=\box121
\pgfnodepartfourteenbox=\box122
\pgfnodepartthirteenbox=\box123
\pgfnodeparttwelvebox=\box124
\pgfnodepartelevenbox=\box125
\pgfnodeparttenbox=\box126
\pgfnodepartninebox=\box127
\pgfnodeparteightbox=\box128
\pgfnodepartsevenbox=\box129
\pgfnodepartsixbox=\box130
\pgfnodepartfivebox=\box131
)))
\pgf@layerbox@edgelayer=\box132
\pgf@layerboxsaved@edgelayer=\box133
\pgf@layerbox@nodelayer=\box134
\pgf@layerboxsaved@nodelayer=\box135
) (/usr/share/texmf-dist/tex/latex/cancel/cancel.sty
Package: cancel 2013/04/12 v2.2 Cancel math terms
)
(/usr/share/texmf-dist/tex/latex/pgfplots/pgfplots.sty
(/usr/share/texmf-dist/tex/generic/pgfplots/pgfplots.revision.tex)
Package: pgfplots 2021/05/15 v1.18.1 Data Visualization (1.18.1)

(/usr/share/texmf-dist/tex/generic/pgfplots/pgfplots.code.tex
(/usr/share/texmf-dist/tex/generic/pgfplots/pgfplotscore.code.tex
\t@pgfplots@toka=\toks42
\t@pgfplots@tokb=\toks43
\t@pgfplots@tokc=\toks44
\pgfplots@tmpa=\dimen357
\c@pgfplots@coordindex=\count407
\c@pgfplots@scanlineindex=\count408

(/usr/share/texmf-dist/tex/generic/pgfplots/sys/pgfplotssysgeneric.code.tex))
(/usr/share/texmf-dist/tex/generic/pgfplots/libs/pgfplotslibrary.code.tex)
(/usr/share/texmf-dist/tex/generic/pgfplots/oldpgfcompatib/pgfplotsoldpgfsupp_l
oader.code.tex
(/usr/share/texmf-dist/tex/generic/pgf/libraries/pgflibraryfpu.code.tex)
Package pgfplots: loading complementary utilities for your pgf version...
\t@pgf@toka=\toks45
\t@pgf@tokb=\toks46
\t@pgf@tokc=\toks47

(/usr/share/texmf-dist/tex/generic/pgfplots/oldpgfcompatib/pgfplotsoldpgfsupp_p
gfutil-common-lists.tex))
(/usr/share/texmf-dist/tex/generic/pgfplots/util/pgfplotsutil.code.tex
(/usr/share/texmf-dist/tex/generic/pgfplots/liststructure/pgfplotsliststructure
.code.tex)
(/usr/share/texmf-dist/tex/generic/pgfplots/liststructure/pgfplotsliststructure
ext.code.tex)
(/usr/share/texmf-dist/tex/generic/pgfplots/liststructure/pgfplotsarray.code.te
x
\c@pgfplotsarray@tmp=\count409
)
(/usr/share/texmf-dist/tex/generic/pgfplots/liststructure/pgfplotsmatrix.code.t
ex)
(/usr/share/texmf-dist/tex/generic/pgfplots/numtable/pgfplotstableshared.code.t
ex
\c@pgfplotstable@counta=\count410
\t@pgfplotstable@a=\toks48
)
(/usr/share/texmf-dist/tex/generic/pgfplots/liststructure/pgfplotsdeque.code.te
x) (/usr/share/texmf-dist/tex/generic/pgfplots/util/pgfplotsbinary.code.tex
(/usr/share/texmf-dist/tex/generic/pgfplots/util/pgfplotsbinary.data.code.tex))
(/usr/share/texmf-dist/tex/generic/pgfplots/util/pgfplotsutil.verb.code.tex)
(/usr/share/texmf-dist/tex/generic/pgfplots/libs/pgflibrarypgfplots.surfshading
.code.tex
\c@pgfplotslibrarysurf@no=\count411

(/usr/share/texmf-dist/tex/generic/pgfplots/sys/pgflibrarypgfplots.surfshading.
pgfsys-xetex.def
(/usr/share/texmf-dist/tex/generic/pgfplots/sys/pgflibrarypgfplots.surfshading.
pgfsys-dvipdfmx.def
\c@pgfplotslibrarysurf@streamlen=\count412
))))
(/usr/share/texmf-dist/tex/generic/pgfplots/util/pgfplotscolormap.code.tex
(/usr/share/texmf-dist/tex/generic/pgfplots/util/pgfplotscolor.code.tex))
(/usr/share/texmf-dist/tex/generic/pgfplots/pgfplotsstackedplots.code.tex)
(/usr/share/texmf-dist/tex/generic/pgfplots/pgfplotsplothandlers.code.tex
(/usr/share/texmf-dist/tex/generic/pgfplots/pgfplotsmeshplothandler.code.tex
(/usr/share/texmf-dist/tex/generic/pgfplots/pgfplotsmeshplotimage.code.tex)))
(/usr/share/texmf-dist/tex/generic/pgfplots/pgfplots.scaling.code.tex)
(/usr/share/texmf-dist/tex/generic/pgfplots/pgfplotscoordprocessing.code.tex)
(/usr/share/texmf-dist/tex/generic/pgfplots/pgfplots.errorbars.code.tex)
(/usr/share/texmf-dist/tex/generic/pgfplots/pgfplots.markers.code.tex)
(/usr/share/texmf-dist/tex/generic/pgfplots/pgfplotsticks.code.tex)
(/usr/share/texmf-dist/tex/generic/pgfplots/pgfplots.paths.code.tex)
(/usr/share/texmf-dist/tex/generic/pgf/frontendlayer/tikz/libraries/tikzlibrary
decorations.code.tex
(/usr/share/texmf-dist/tex/generic/pgf/modules/pgfmoduledecorations.code.tex
\pgfdecoratedcompleteddistance=\dimen358
\pgfdecoratedremainingdistance=\dimen359
\pgfdecoratedinputsegmentcompleteddistance=\dimen360
\pgfdecoratedinputsegmentremainingdistance=\dimen361
\pgf@decorate@distancetomove=\dimen362
\pgf@decorate@repeatstate=\count413
\pgfdecorationsegmentamplitude=\dimen363
\pgfdecorationsegmentlength=\dimen364
)
\tikz@lib@dec@box=\box136
)
(/usr/share/texmf-dist/tex/generic/pgf/frontendlayer/tikz/libraries/tikzlibrary
decorations.pathmorphing.code.tex
(/usr/share/texmf-dist/tex/generic/pgf/libraries/decorations/pgflibrarydecorati
ons.pathmorphing.code.tex))
(/usr/share/texmf-dist/tex/generic/pgf/frontendlayer/tikz/libraries/tikzlibrary
decorations.pathreplacing.code.tex
(/usr/share/texmf-dist/tex/generic/pgf/libraries/decorations/pgflibrarydecorati
ons.pathreplacing.code.tex))
(/usr/share/texmf-dist/tex/generic/pgfplots/libs/tikzlibrarypgfplots.contourlua
.code.tex)
\pgfplots@numplots=\count414
\pgfplots@xmin@reg=\dimen365
\pgfplots@xmax@reg=\dimen366
\pgfplots@ymin@reg=\dimen367
\pgfplots@ymax@reg=\dimen368
\pgfplots@zmin@reg=\dimen369
\pgfplots@zmax@reg=\dimen370
)
(/usr/share/texmf-dist/tex/generic/pgf/frontendlayer/tikz/libraries/tikzlibrary
plotmarks.code.tex
File: tikzlibraryplotmarks.code.tex 2023-01-15 v3.1.10 (3.1.10)

(/usr/share/texmf-dist/tex/generic/pgf/libraries/pgflibraryplotmarks.code.tex
File: pgflibraryplotmarks.code.tex 2023-01-15 v3.1.10 (3.1.10)
))) (/usr/share/texmf-dist/tex/latex/tikz-3dplot/tikz-3dplot.sty
(/usr/share/texmf-dist/tex/latex/base/ifthen.sty
Package: ifthen 2022/04/13 v1.1d Standard LaTeX ifthen package (DPC)
)
(/usr/share/texmf-dist/tex/generic/pgf/frontendlayer/tikz/libraries/tikzlibrary
3d.code.tex
File: tikzlibrary3d.code.tex 2023-01-15 v3.1.10 (3.1.10)
)) (/usr/share/texmf-dist/tex/latex/lm/lmodern.sty
Package: lmodern 2015/05/01 v1.6.1 Latin Modern Fonts
LaTeX Font Info:    Overwriting symbol font `operators' in version `normal'
(Font)                  OT1/cmr/m/n --> OT1/lmr/m/n on input line 22.
LaTeX Font Info:    Overwriting symbol font `letters' in version `normal'
(Font)                  OML/cmm/m/it --> OML/lmm/m/it on input line 23.
LaTeX Font Info:    Overwriting symbol font `symbols' in version `normal'
(Font)                  OMS/cmsy/m/n --> OMS/lmsy/m/n on input line 24.
LaTeX Font Info:    Overwriting symbol font `largesymbols' in version `normal'
(Font)                  OMX/cmex/m/n --> OMX/lmex/m/n on input line 25.
LaTeX Font Info:    Overwriting symbol font `operators' in version `bold'
(Font)                  OT1/cmr/bx/n --> OT1/lmr/bx/n on input line 26.
LaTeX Font Info:    Overwriting symbol font `letters' in version `bold'
(Font)                  OML/cmm/b/it --> OML/lmm/b/it on input line 27.
LaTeX Font Info:    Overwriting symbol font `symbols' in version `bold'
(Font)                  OMS/cmsy/b/n --> OMS/lmsy/b/n on input line 28.
LaTeX Font Info:    Overwriting symbol font `largesymbols' in version `bold'
(Font)                  OMX/cmex/m/n --> OMX/lmex/m/n on input line 29.
LaTeX Font Info:    Overwriting math alphabet `\mathbf' in version `normal'
(Font)                  OT1/cmr/bx/n --> OT1/lmr/bx/n on input line 31.
LaTeX Font Info:    Overwriting math alphabet `\mathsf' in version `normal'
(Font)                  OT1/cmss/m/n --> OT1/lmss/m/n on input line 32.
LaTeX Font Info:    Overwriting math alphabet `\mathit' in version `normal'
(Font)                  OT1/cmr/m/it --> OT1/lmr/m/it on input line 33.
LaTeX Font Info:    Overwriting math alphabet `\mathtt' in version `normal'
(Font)                  OT1/cmtt/m/n --> OT1/lmtt/m/n on input line 34.
LaTeX Font Info:    Overwriting math alphabet `\mathbf' in version `bold'
(Font)                  OT1/cmr/bx/n --> OT1/lmr/bx/n on input line 35.
LaTeX Font Info:    Overwriting math alphabet `\mathsf' in version `bold'
(Font)                  OT1/cmss/bx/n --> OT1/lmss/bx/n on input line 36.
LaTeX Font Info:    Overwriting math alphabet `\mathit' in version `bold'
(Font)                  OT1/cmr/bx/it --> OT1/lmr/bx/it on input line 37.
LaTeX Font Info:    Overwriting math alphabet `\mathtt' in version `bold'
(Font)                  OT1/cmtt/m/n --> OT1/lmtt/m/n on input line 38.
)
(/usr/share/texmf-dist/tex/generic/pgfplots/libs/tikzlibrarypgfplots.fillbetwee
n.code.tex
(/usr/share/texmf-dist/tex/generic/pgfplots/pgfcontrib/tikzlibraryfillbetween.c
ode.tex
(/usr/share/texmf-dist/tex/generic/pgf/frontendlayer/tikz/libraries/tikzlibrary
intersections.code.tex
(/usr/share/texmf-dist/tex/generic/pgf/libraries/pgflibraryintersections.code.t
ex
\pgf@intersect@solutions=\count415
))
(/usr/share/texmf-dist/tex/generic/pgfplots/pgfcontrib/tikzlibrarydecorations.s
oftclip.code.tex
(/usr/share/texmf-dist/tex/generic/pgfplots/pgfcontrib/pgflibraryfillbetween.co
de.tex)))
(/usr/share/texmf-dist/tex/generic/pgfplots/libs/tikzlibrarypgfplots.decoration
s.softclip.code.tex)) (../main/arrow.tikzstyles)
(/usr/share/texmf-dist/tex/generic/pgf/frontendlayer/tikz/libraries/tikzlibrary
decorations.fractals.code.tex
(/usr/share/texmf-dist/tex/generic/pgf/libraries/decorations/pgflibrarydecorati
ons.fractals.code.tex))
(/usr/share/texmf-dist/tex/generic/pgf/frontendlayer/tikz/libraries/tikzlibrary
decorations.text.code.tex
(/usr/share/texmf-dist/tex/generic/pgf/libraries/decorations/pgflibrarydecorati
ons.text.code.tex
\pgf@lib@dec@text@box=\box137
)
\tikz@lib@dec@te@box=\box138
) (./build/main.aux

LaTeX Warning: Label `RT:chapter2_problem3.png' multiply defined.


LaTeX Warning: Label `RT:chapter2_problem3.png@cref' multiply defined.


LaTeX Warning: Label `RT:chapter2_problem4.png' multiply defined.


LaTeX Warning: Label `RT:chapter2_problem4.png@cref' multiply defined.


LaTeX Warning: Label `RT:chapter4_' multiply defined.


LaTeX Warning: Label `RT:chapter4_@cref' multiply defined.


LaTeX Warning: Label `RT:chapter4_' multiply defined.


LaTeX Warning: Label `RT:chapter4_@cref' multiply defined.

)
\openout1 = `main.aux'.

LaTeX Font Info:    Checking defaults for OML/cmm/m/it on input line 20.
LaTeX Font Info:    ... okay on input line 20.
LaTeX Font Info:    Checking defaults for OMS/cmsy/m/n on input line 20.
LaTeX Font Info:    ... okay on input line 20.
LaTeX Font Info:    Checking defaults for OT1/cmr/m/n on input line 20.
LaTeX Font Info:    ... okay on input line 20.
LaTeX Font Info:    Checking defaults for T1/cmr/m/n on input line 20.
LaTeX Font Info:    ... okay on input line 20.
LaTeX Font Info:    Checking defaults for TS1/cmr/m/n on input line 20.
LaTeX Font Info:    ... okay on input line 20.
LaTeX Font Info:    Checking defaults for TU/lmr/m/n on input line 20.
LaTeX Font Info:    ... okay on input line 20.
LaTeX Font Info:    Checking defaults for OMX/cmex/m/n on input line 20.
LaTeX Font Info:    ... okay on input line 20.
LaTeX Font Info:    Checking defaults for U/cmr/m/n on input line 20.
LaTeX Font Info:    ... okay on input line 20.
LaTeX Font Info:    Checking defaults for PD1/pdf/m/n on input line 20.
LaTeX Font Info:    ... okay on input line 20.
LaTeX Font Info:    Checking defaults for PU/pdf/m/n on input line 20.
LaTeX Font Info:    ... okay on input line 20.

*geometry* driver: auto-detecting
*geometry* detected driver: xetex
*geometry* verbose mode - [ preamble ] result:
* driver: xetex
* paper: <default>
* layout: <same size as paper>
* layoutoffset:(h,v)=(0.0pt,0.0pt)
* modes: 
* h-part:(L,W,R)=(51.21504pt, 412.56497pt, 133.72786pt)
* v-part:(T,H,B)=(85.35826pt, 674.33032pt, 85.35826pt)
* \paperwidth=597.50787pt
* \paperheight=845.04684pt
* \textwidth=412.56497pt
* \textheight=674.33032pt
* \oddsidemargin=-21.05495pt
* \evensidemargin=-21.05495pt
* \topmargin=-19.45715pt
* \headheight=12.67163pt
* \headsep=19.8738pt
* \topskip=12.0pt
* \footskip=30.0pt
* \marginparwidth=38.0pt
* \marginparsep=7.0pt
* \columnsep=10.0pt
* \skip\footins=10.8pt plus 4.0pt minus 2.0pt
* \hoffset=0.0pt
* \voffset=0.0pt
* \mag=1000
* \@twocolumnfalse
* \@twosidefalse
* \@mparswitchfalse
* \@reversemarginfalse
* (1in=72.27pt=25.4mm, 1cm=28.453pt)

Package hyperref Info: Link coloring ON on input line 20.
(./build/main.out) (./build/main.out)
\@outlinefile=\write5
\openout5 = `main.out'.


(/usr/share/texmf-dist/tex/latex/ninecolors/ninecolors.sty
Package: ninecolors 2022-02-13 v2022D Select colors with proper color contrast
)
\c@lstlisting=\count416

Package pgfplots notification 'compat/show suggested version=true': document ha
s been generated with the most recent feature set (\pgfplotsset{compat=1.18}).

(../chapters/titlepage/titlepage.tex) [0

]

Package fontspec Warning: Font "FandolHei-Regular" does not contain requested
(fontspec)                Script "CJK".


Package fontspec Info: Font family 'FandolHei-Regular(0)' created for font
(fontspec)             'FandolHei-Regular' with options
(fontspec)             [Script={CJK},Extension={.otf},BoldFont={FandolHei-Bold}
].
(fontspec)              
(fontspec)              This font family consists of the following NFSS
(fontspec)             series/shapes:
(fontspec)              
(fontspec)             - 'normal' (m/n) with NFSS spec.:
(fontspec)             <->"[FandolHei-Regular.otf]/OT:language=dflt;"
(fontspec)             - 'small caps'  (m/sc) with NFSS spec.: 
(fontspec)             - 'bold' (b/n) with NFSS spec.:
(fontspec)             <->"[FandolHei-Bold.otf]/OT:language=dflt;"
(fontspec)             - 'bold small caps'  (b/sc) with NFSS spec.: 

(./build/main.toc
LaTeX Font Info:    Trying to load font information for OT1+lmr on input line 5
.
 (/usr/share/texmf-dist/tex/latex/lm/ot1lmr.fd
File: ot1lmr.fd 2015/05/01 v1.6.1 Font defs for Latin Modern
)
LaTeX Font Info:    Trying to load font information for OML+lmm on input line 5
.

(/usr/share/texmf-dist/tex/latex/lm/omllmm.fd
File: omllmm.fd 2015/05/01 v1.6.1 Font defs for Latin Modern
)
LaTeX Font Info:    Trying to load font information for OMS+lmsy on input line 
5.

(/usr/share/texmf-dist/tex/latex/lm/omslmsy.fd
File: omslmsy.fd 2015/05/01 v1.6.1 Font defs for Latin Modern
)
LaTeX Font Info:    Trying to load font information for OMX+lmex on input line 
5.

(/usr/share/texmf-dist/tex/latex/lm/omxlmex.fd
File: omxlmex.fd 2015/05/01 v1.6.1 Font defs for Latin Modern
)
LaTeX Font Info:    External font `lmex10' loaded for size
(Font)              <12> on input line 5.
LaTeX Font Info:    External font `lmex10' loaded for size
(Font)              <8> on input line 5.
LaTeX Font Info:    External font `lmex10' loaded for size
(Font)              <6> on input line 5.
 [1

] [2] [3] [4] [5] [6])
\tf@toc=\write6
\openout6 = `main.toc'.


[7] (../chapters/frontmatter/frontmatter.tex [1


]
LaTeX Font Info:    External font `lmex10' loaded for size
(Font)              <10> on input line 32.
LaTeX Font Info:    External font `lmex10' loaded for size
(Font)              <7> on input line 32.
LaTeX Font Info:    External font `lmex10' loaded for size
(Font)              <5> on input line 32.
 [2

]

LaTeX Warning: Unexpected alignment  on input line 39.

\c@RT:frontmatter:ref=\count417
)
LaTeX Font Info:    Font shape `TU/FandolSong-Regular(0)/m/sl' in size <12> not
 available
(Font)              Font shape `TU/FandolSong-Regular(0)/m/it' tried instead on
 input line 25.
 [3]
Missing character: There is no ^^89 ("89) in font nullfont!
Missing character: There is no ^^89 ("89) in font nullfont!
(../chapters/chapter1/chapter1_main.tex [1

]

LaTeX Font Info:    Trying to load font information for OT1+pzc on input line 1
.
(/usr/share/texmf-dist/tex/latex/psnfss/ot1pzc.fd
File: ot1pzc.fd 2020/03/25 font definitions for OT1/pzc.
)
LaTeX Font Info:    Font shape `OT1/pzc/m/n' in size <76> not available
(Font)              Font shape `OT1/pzc/m/it' tried instead on input line 1.

Overfull \hbox (10.0pt too wide) in paragraph at lines 1--1
[][][][][][][][][]  
 []

LaTeX Font Info:    Font shape `TU/lmss/bx/it' in size <17.28> not available
(Font)              Font shape `TU/lmss/bx/sl' tried instead on input line 1.

LaTeX Font Warning: Font shape `TU/FandolHei-Regular(0)/b/it' undefined
(Font)              using `TU/FandolHei-Regular(0)/b/n' instead on input line 1
.


LaTeX Font Warning: Font shape `TU/lmr/b/it' in size <17.28> not available
(Font)              Font shape `TU/lmr/b/sl' tried instead on input line 3.


LaTeX Font Warning: Font shape `TU/FandolSong-Regular(0)/b/it' undefined
(Font)              using `TU/FandolSong-Regular(0)/b/n' instead on input line 
3.


LaTeX Warning: Unexpected alignment  on input line 9.

[2

]

Package fontspec Warning: Font "FandolFang-Regular" does not contain requested
(fontspec)                Script "CJK".


Package fontspec Info: Font family 'FandolFang-Regular(0)' created for font
(fontspec)             'FandolFang-Regular' with options
(fontspec)             [Script={CJK},Extension={.otf}].
(fontspec)              
(fontspec)              This font family consists of the following NFSS
(fontspec)             series/shapes:
(fontspec)              
(fontspec)             - 'normal' (m/n) with NFSS spec.:
(fontspec)             <->"[FandolFang-Regular.otf]/OT:language=dflt;"
(fontspec)             - 'small caps'  (m/sc) with NFSS spec.: 

) (../chapters/chapter1/chapter1_exercise.tex
\c@RT:solution1.1=\count418
)
(../chapters/chapter2/chapter2_main.tex [3]


Overfull \hbox (10.0pt too wide) in paragraph at lines 1--1
[][][][][][][][][]  
 []


LaTeX Font Warning: Font shape `TU/lmr/b/it' in size <14.4> not available
(Font)              Font shape `TU/lmr/b/sl' tried instead on input line 9.

[4

]

LaTeX Warning: Unexpected alignment  on input line 29.

[5] (./figures/chapter2_without_vectors.tikz) [6]

LaTeX Warning: Unexpected alignment  on input line 68.


LaTeX Warning: Unexpected alignment  on input line 79.

[7]
Underfull \hbox (badness 10000) in paragraph at lines 98--99
\TU/FandolSong-Regular(0)/m/n/12 
 []


LaTeX Warning: Unexpected alignment  on input line 113.

[8]
\c@RT:chapter2_vector_expression=\count419


LaTeX Warning: Unexpected alignment  on input line 132.


LaTeX Warning: Unexpected alignment  on input line 142.


LaTeX Warning: Unexpected alignment  on input line 144.


LaTeX Warning: Unexpected alignment  on input line 145.

[9]
LaTeX Font Info:    External font `lmex10' loaded for size
(Font)              <14.4> on input line 172.


LaTeX Warning: Unexpected alignment  on input line 172.

[10] (./figures/chapter2_polar_coordinate_2d.tikz)
Missing character: There is no ; ("3B) in font nullfont!
(./figures/chapter2_basis_transformation.tikz) [11]

LaTeX Warning: Unexpected alignment  on input line 277.

[12] [13]
File: ../figures/figure2/chapter2_uniform circular motion.png Graphic file (typ
e bmp)
<../figures/figure2/chapter2_uniform circular motion.png>
 [14] [15]
\c@RT:prove2.1=\count420

Underfull \hbox (badness 4353) in paragraph at lines 476--476
[]\TU/FandolSong-Regular(0)/m/it/12   \TU/lmr/m/it/14.4 2\TU/lmr/m/it/12 .1[]
[]|  []Newtons First Law of Motion(\TU/FandolSong-Regular(0)/m/it/12     
   \TU/lmr/m/it/12 )[]
 []

[16]

LaTeX Warning: Unexpected alignment  on input line 480.


Overfull \hbox (6.62375pt too wide) in paragraph at lines 479--482
\TU/FandolSong-Regular(0)/m/n/12          \TU/lmr/m/n/12 (need continu
ous action of an agent)[][][]\TU/FandolSong-Regular(0)/m/n/12 | \TU/lmr/m/n/12
 1564~1642\TU/FandolSong-Regular(0)/m/n/12 | []\TU/lmr/m/it/12 Galilei\TU/lmr/
m/n/12 (\TU/FandolSong-Regular(0)/m/it/12 
 []

\c@RT:prove2.2=\count421

Underfull \hbox (badness 2547) in paragraph at lines 483--483
[]\TU/FandolSong-Regular(0)/m/it/12   \TU/lmr/m/it/14.4 2\TU/lmr/m/it/12 .2[]
[]|  []Newtons Second Law of Motion(\TU/FandolSong-Regular(0)/m/it/12     
   \TU/lmr/m/it/12 )[]
 []

\c@RT:prove2.3=\count422

Underfull \hbox (badness 3657) in paragraph at lines 488--488
[]\TU/FandolSong-Regular(0)/m/it/12   \TU/lmr/m/it/14.4 2\TU/lmr/m/it/12 .3[]
[]|  []Newtons Third Law of Motion(\TU/FandolSong-Regular(0)/m/it/12     
   \TU/lmr/m/it/12 )[]
 []


Overfull \hbox (11.3277pt too wide) in paragraph at lines 492--492
[][]\TU/lmr/b/sl/14.4 Inertial Reference Frame & Non-inertial Reference Frame\T
U/lmr/b/n/14.4 (\TU/FandolSong-Regular(0)/b/it/14.4 
 []

[17]

LaTeX Warning: Unexpected alignment  on input line 499.

\c@RT:prove2.4=\count423

LaTeX Warning: Unexpected alignment  on input line 505.

(./figures/chapter2_galilean_transformation.tikz) [18]
(./figures/chapter2_noninertial_frame.tikz) [19]
\c@RT:chapter2_scalar_product=\count424


LaTeX Warning: Unexpected alignment  on input line 547.

(./figures/chapter2_work_done_by_varying_force.tikz)

LaTeX Warning: Unexpected alignment  on input line 563.

[20] (./figures/chapter2_hook.tikz) [21]
\c@RT:prove2.5=\count425
 [22]
\c@RT:chapter2_potential_energy_of_spring=\count426
 [23]

LaTeX Warning: Unexpected alignment  on input line 630.

[24]
\c@RT:Galilean transformation=\count427
 [25]
\c@RT:prove2.6=\count428
 [26]
\c@RT:law3.2=\count429
 (./figures/chapter2_CM.tikz) [27]
\c@RT:prove2.7=\count430
\c@RT:prove2.8=\count431

Underfull \hbox (badness 3679) in paragraph at lines 751--751
[]\TU/FandolSong-Regular(0)/m/it/12   \TU/lmr/m/it/14.4 2\TU/lmr/m/it/12 .7[]
[]|  []The Law of Universal Gravitation(\TU/FandolSong-Regular(0)/m/it/12   
   \TU/lmr/m/it/12 )[] 
 []

[28]
\c@RT:law2.8=\count432


LaTeX Warning: Unexpected alignment  on input line 788.

[29]

LaTeX Warning: Unexpected alignment  on input line 796.

File: ../figures/figure2/chapter2_conic_section.png Graphic file (type bmp)
<../figures/figure2/chapter2_conic_section.png>
[30]
File: ../figures/figure2/chapter2_cavendish.png Graphic file (type bmp)
<../figures/figure2/chapter2_cavendish.png>
 [31]

LaTeX Warning: Unexpected alignment  on input line 848.

[32]
LaTeX Font Info:    External font `lmex10' loaded for size
(Font)              <17.28> on input line 862.
File: ../figures/figure2/chapter2_rocket.png Graphic file (type bmp)
<../figures/figure2/chapter2_rocket.png>
 [33]

LaTeX Warning: Unexpected alignment  on input line 888.

) (../chapters/chapter2/chapter2_exercise.tex
\c@RT:solution2.1=\count433
\c@RT:solution2.2=\count434
 [34]
\c@RT:solution2.3=\count435
\c@RT:solution2.4=\count436
File: ../figures/figure2/chapter2_problem3.png Graphic file (type bmp)
<../figures/figure2/chapter2_problem3.png>
\c@RT:solution2.5=\count437
File: ../figures/figure2/chapter2_problem4.png Graphic file (type bmp)
<../figures/figure2/chapter2_problem4.png>
 [35])
(../chapters/chapter3/chapter3_main.tex [36]


Overfull \hbox (10.0pt too wide) in paragraph at lines 1--1
[][][][][][][][][]  
 []


LaTeX Warning: Unexpected alignment  on input line 2.

[37

]
\c@RT:chapter2_polar_coordinate=\count438
 (./figures/chapter3_polar_coordinate.tikz)

LaTeX Warning: Unexpected alignment  on input line 28.

[38]

LaTeX Warning: Unexpected alignment  on input line 176.


LaTeX Warning: Unexpected alignment  on input line 181.

[39]
\c@RT:chapter3_direction=\count439


LaTeX Warning: Unexpected alignment  on input line 185.

File: ../figures/figure3/chapter3_right_hand_rule.jpg Graphic file (type bmp)
<../figures/figure3/chapter3_right_hand_rule.jpg>

LaTeX Warning: Unexpected alignment  on input line 201.


LaTeX Warning: Unexpected alignment  on input line 209.


LaTeX Warning: Unexpected alignment  on input line 209.


LaTeX Warning: Unexpected alignment  on input line 209.

[40]

LaTeX Warning: Unexpected alignment  on input line 223.


LaTeX Warning: Unexpected alignment  on input line 238.

\c@RT:chapter3_cross_product=\count440
[41]

LaTeX Warning: Unexpected alignment  on input line 251.

File: ../figures/figure3/chapter3_torque.png Graphic file (type bmp)
<../figures/figure3/chapter3_torque.png>
[42]
\c@RT:prove3.1=\count441
 (./figures/chapter3_moment_arm.tikz)
File: ../figures/figure3/chapter3_moment_inertia1.jpg Graphic file (type bmp)
<../figures/figure3/chapter3_moment_inertia1.jpg>
 [43]
File: ../figures/figure3/chapter3_moment_inertia2.png Graphic file (type bmp)
<../figures/figure3/chapter3_moment_inertia2.png>


LaTeX Warning: Unexpected alignment  on input line 282.

\c@RT:chapter3_axis=\count442

LaTeX Warning: Unexpected alignment  on input line 285.


LaTeX Warning: Unexpected alignment  on input line 287.

\c@RT:prove3.2=\count443
[44]
\c@RT:prove3.3=\count444
 [45]

LaTeX Warning: Unexpected alignment  on input line 314.


LaTeX Warning: Unexpected alignment  on input line 318.

\c@RT:prove3.4=\count445
\c@RT:prove3.5=\count446
[46]
File: ../figures/figure3/chapter3_kepler's_second_law.png Graphic file (type bm
p)
<../figures/figure3/chapter3_kepler's_second_law.png>
\c@RT:prove3.6=\count447
 [47]
\c@RT:prove3.7=\count448


LaTeX Warning: Unexpected alignment  on input line 373.

\c@RT:chapter3_translation=\count449

LaTeX Warning: Unexpected alignment  on input line 376.

\c@RT:prove3.8=\count450
[48]
File: ../figures/figure3/chapter3_earth.png Graphic file (type bmp)
<../figures/figure3/chapter3_earth.png>

Overfull \hbox (40.4824pt too wide) detected at line 409
  [][]
 []

[49]) (../chapters/chapter3/chapter3_exercise.tex [50]
\c@RT:solution3.1=\count451
File: ../figures/figure3/chapter3_example_1.jpg Graphic file (type bmp)
<../figures/figure3/chapter3_example_1.jpg>
\c@RT:solution3.2=\count452
File: ../figures/figure3/chapter3_example_2.png Graphic file (type bmp)
<../figures/figure3/chapter3_example_2.png>
 [51]
\c@RT:solution3.3=\count453

(./figures/chapter3_example_3_3.tikz)
\c@RT:solution3.4=\count454
File: ../figures/figure3/chapter3_massive_pulley.png Graphic file (type bmp)
<../figures/figure3/chapter3_massive_pulley.png>
 [52]
\c@RT:solution3.5=\count455

Underfull \hbox (badness 8170) in paragraph at lines 55--55
[]\TU/FandolSong-Regular(0)/m/it/12   \TU/lmr/m/it/14.4 3\TU/lmr/m/it/12 .5[]
[]|  Object rotating on a string of changing length
 []

File: ../figures/figure3/chapter3_string.png Graphic file (type bmp)
<../figures/figure3/chapter3_string.png>
\c@RT:solution3.6=\count456
(./figures/chapter3_rotating_rod_1.tikz)
(./figures/chapter3_rotating_rod_2.tikz)
Missing character: There is no  (U+03B1) in font [lmroman12-regular]:mapping=t
ex-text;!
[53]) (../chapters/chapter4/chapter4_main.tex [54]


Overfull \hbox (10.0pt too wide) in paragraph at lines 1--1
[][][][][][][][][]  
 []

[55

] [56]) (../chapters/chapter4/chapter4_exercise.tex [57]
\c@RT:solution4.1=\count457
File: ../figures/figure4/chapter4_.png Graphic file (type bmp)
<../figures/figure4/chapter4_.png>
\c@RT:solution4.2=\count458
File: ../figures/figure4/chapter4_.png Graphic file (type bmp)
<../figures/figure4/chapter4_.png>
 [58])
(../chapters/chapter5/chapter5_main.tex [59]


Overfull \hbox (10.0pt too wide) in paragraph at lines 5--5
[][][][][][][][][]  
 []

[60

]
\c@RT:prove5.1=\count459


LaTeX Warning: Unexpected alignment  on input line 59.

[61]

LaTeX Warning: Unexpected alignment  on input line 91.

\c@RT:prove5.2=\count460
[62] [63]

Package hyperref Warning: Token not allowed in a PDF string (Unicode):
(hyperref)                removing `math shift' on input line 177.


Package hyperref Warning: Token not allowed in a PDF string (Unicode):
(hyperref)                removing `superscript' on input line 177.


Package hyperref Warning: Token not allowed in a PDF string (Unicode):
(hyperref)                removing `math shift' on input line 177.

\c@RT:prove5.3=\count461

Underfull \hbox (badness 1953) in paragraph at lines 189--190
[]\TU/FandolSong-Regular(0)/m/n/12        \TU/lmr/m/n/12 ([][][][][][][]
)\TU/FandolSong-Regular(0)/m/n/12 |              
 []


Underfull \hbox (badness 10000) in paragraph at lines 189--190
\TU/lmr/m/it/12 damped\TU/lmr/m/n/12 (\TU/FandolSong-Regular(0)/m/it/12   \T
U/lmr/m/n/12 )[]\TU/FandolSong-Regular(0)/m/n/12 |
 []

[64]
Overfull \hbox (39.27684pt too wide) detected at line 200
\OML/lmm/m/it/12 x \OT1/lmr/m/n/12 = \OML/lmm/m/it/12 A[] [] [] \OT1/lmr/m/n/12
 + \OML/lmm/m/it/12 A[] [] [] \OT1/lmr/m/n/12 + \OML/lmm/m/it/12 x[]
 []


LaTeX Warning: Unexpected alignment  on input line 220.

[65]

Package hyperref Warning: Token not allowed in a PDF string (Unicode):
(hyperref)                removing `math shift' on input line 239.


Package hyperref Warning: Token not allowed in a PDF string (Unicode):
(hyperref)                removing `superscript' on input line 239.


Package hyperref Warning: Token not allowed in a PDF string (Unicode):
(hyperref)                removing `math shift' on input line 239.


LaTeX Warning: Unexpected alignment  on input line 245.

\c@RT:prove5.4=\count462

LaTeX Warning: Unexpected alignment  on input line 250.

[66] [67]
\c@RT:chapter5_resonance=\count463


LaTeX Warning: Unexpected alignment  on input line 342.

[68]

LaTeX Warning: Unexpected alignment  on input line 393.

[69]
Overfull \hbox (4.01909pt too wide) in paragraph at lines 415--416
[] \TU/lmr/m/n/12 Physical connection between []\TU/lmr/m/it/12 adjacent\TU/lmr
/m/n/12 (\TU/FandolSong-Regular(0)/m/it/12   \TU/lmr/m/n/12 )[][]\TU/lmr/m/i
t/12 portions\TU/lmr/m/n/12 (\TU/FandolSong-Regular(0)/m/it/12  \TU/lmr/m/n/1
2 )[] of the medium 
 []

File: ../figures/figure5/chapter5_pulse_wave.png Graphic file (type bmp)
<../figures/figure5/chapter5_pulse_wave.png>

LaTeX Warning: Unexpected alignment  on input line 421.

[70]

LaTeX Warning: Unexpected alignment  on input line 435.

[71]

LaTeX Font Warning: Font shape `TU/lmr/b/it' in size <12> not available
(Font)              Font shape `TU/lmr/b/sl' tried instead on input line 493.


LaTeX Warning: Unexpected alignment  on input line 494.

[72]
Underfull \hbox (badness 10000) in paragraph at lines 558--559
\TU/FandolSong-Regular(0)/m/n/12  
 []

[73] [74]

LaTeX Warning: Unexpected alignment  on input line 641.


LaTeX Warning: Unexpected alignment  on input line 650.

[75]
\c@RT:prove5.5=\count464


LaTeX Warning: Unexpected alignment  on input line 692.

[76] [77]

LaTeX Warning: Unexpected alignment  on input line 778.

[78] [79]

LaTeX Warning: Unexpected alignment  on input line 837.

[80]

LaTeX Warning: Unexpected alignment  on input line 874.


LaTeX Warning: Unexpected alignment  on input line 880.


Underfull \hbox (badness 10000) in paragraph at lines 880--881
\TU/FandolSong-Regular(0)/m/n/12  
 []

[81] [82]
Overfull \hbox (1.67906pt too wide) in paragraph at lines 1000--1001
[]\TU/FandolSong-Regular(0)/m/n/12           |           
 []\TU/lmr/m/it/12 Pitch\TU/lmr/m/n/12 (\TU/FandolSong-Regular(0)/m/it/12  \T
U/lmr/m/n/12 )[]\TU/FandolSong-Regular(0)/m/n/12 | []\TU/lmr/m/it/12 Loudness\
TU/lmr/m/n/12 (\TU/FandolSong-Regular(0)/m/it/12 
 []


Underfull \hbox (badness 5460) in paragraph at lines 1002--1003
[]\TU/FandolSong-Regular(0)/m/n/12             $\OML/lmm/m/it/12 f[
]$\TU/FandolSong-Regular(0)/m/n/12 |          []   
 []

[83]
\c@RT:prove5.6=\count465


LaTeX Warning: Unexpected alignment  on input line 1057.

\c@RT:prove5.7=\count466

LaTeX Warning: Unexpected alignment  on input line 1070.

[84] [85] [86] [87]
\c@RT:chapter5_Energy_Transfer=\count467


LaTeX Warning: Unexpected alignment  on input line 1253.

[88] [89]) (../chapters/chapter5/chapter5_exercise.tex
\c@RT:solution5.1=\count468
 [90]
\c@RT:solution5.2=\count469
\c@RT:solution5.3=\count470
 [91]
\c@RT:solution5.4=\count471
)
(../chapters/chapter6/chapter6_main.tex [92]


Overfull \hbox (10.0pt too wide) in paragraph at lines 1--1
[][][][][][][][][]  
 []

[93

] (./figures/chapter6_frames.tikz) [94]

LaTeX Warning: Unexpected alignment  on input line 55.


LaTeX Warning: Unexpected alignment  on input line 61.

\c@RT:prove6.1=\count472
(./figures/chapter6_framess.tikz) [95]
Underfull \hbox (badness 2735) in paragraph at lines 79--80
[]\TU/FandolSong-Regular(0)/m/n/12       |               
     |  
 []

File: ../figures/figure6/chapter_6_2.png Graphic file (type bmp)
<../figures/figure6/chapter_6_2.png>
[96]

LaTeX Warning: Unexpected alignment  on input line 120.

\c@RT:prove6.2=\count473
[97] (./figures/chapter6_frames.tikz)

LaTeX Warning: Unexpected alignment  on input line 130.

[98]
\c@RT:prove6.3=\count474
 (./figures/chapter6_example_6_2.tikz) [99]
\c@RT:chapter6_length_contraction=\count475


LaTeX Warning: Unexpected alignment  on input line 189.

\c@RT:law6.1=\count476

LaTeX Warning: Unexpected alignment  on input line 199.


LaTeX Warning: Unexpected alignment  on input line 204.

\c@RT:prove6.4=\count477
[100]
File: ../figures/figure6/chapter_6_3.jpg Graphic file (type bmp)
<../figures/figure6/chapter_6_3.jpg>
 [101]
\c@RT:prove6.5=\count478


LaTeX Warning: Unexpected alignment  on input line 241.


LaTeX Warning: Unexpected alignment  on input line 245.

\c@RT:prove6.6=\count479

Underfull \hbox (badness 1484) in paragraph at lines 251--251
[]\TU/FandolSong-Regular(0)/m/it/12   \TU/lmr/m/it/14.4 6\TU/lmr/m/it/12 .3[]
[]|  []Energy and Momentum Transformation(\TU/FandolSong-Regular(0)/m/it/12  
    \TU/lmr/m/it/12 )[]
 []

(./figures/chapter6_framess.tikz) [102] (./figures/chapter6_framess.tikz)
[103]

LaTeX Warning: Unexpected alignment  on input line 282.

(./figures/chapter6_framess.tikz) [104]

LaTeX Warning: Unexpected alignment  on input line 296.


LaTeX Warning: Unexpected alignment  on input line 297.


LaTeX Warning: Unexpected alignment  on input line 297.


LaTeX Warning: Unexpected alignment  on input line 313.

[105] (./figures/chapter6_dpl.tikz)
\c@RT:chapter6_principle_of_relativity=\count480


LaTeX Warning: Unexpected alignment  on input line 333.

[106]
\c@RT:chapter6_invariant=\count481


LaTeX Warning: Unexpected alignment  on input line 338.

[107] (./figures/chapter6_mins1.tikz)

LaTeX Warning: Unexpected alignment  on input line 361.


LaTeX Warning: Unexpected alignment  on input line 362.

(./figures/chapter6_mins4.tikz) [108] (./figures/chapter6_mins2.tikz)

LaTeX Warning: Unexpected alignment  on input line 381.

[109] (./figures/chapter6_mins3.tikz)

LaTeX Warning: Unexpected alignment  on input line 397.

[110] (./figures/chapter6_mins5.tikz) (./figures/chapter6_mins6.tikz) [111]
\c@RT:prove6.7=\count482

[112] (./figures/chapter6_mins7.tikz) (./figures/chapter6_mins8.tikz) [113]
[114]

LaTeX Warning: Unexpected alignment  on input line 497.


LaTeX Warning: Unexpected alignment  on input line 497.

(./figures/chapter6_mins9.tikz) [115

])
(../chapters/chapter6/chapter6_exercise.tex
\c@RT:solution6.1=\count483
File: ../figures/figure6/chapter_6_7.jpg Graphic file (type bmp)
<../figures/figure6/chapter_6_7.jpg>
 [116]
\c@RT:solution6.2=\count484

(./figures/chapter6_solution_6_2_1.tikz)
\c@RT:solution6.3=\count485
 [117]
\c@RT:solution6.4=\count486
File: ../figures/figure6/chapter_6_20.jpg Graphic file (type bmp)
<../figures/figure6/chapter_6_20.jpg>
 [118]
\c@RT:solution6.5=\count487
File: ../figures/figure6/chapter_6_23.jpg Graphic file (type bmp)
<../figures/figure6/chapter_6_23.jpg>
 [119]
\c@RT:solution6.6=\count488
File: ../figures/figure6/chapter_6_24.jpg Graphic file (type bmp)
<../figures/figure6/chapter_6_24.jpg>
 [120]
\c@RT:solution6.7=\count489
 [121])
(../chapters/chapter7/Chapter7_main.tex [122]


Overfull \hbox (10.0pt too wide) in paragraph at lines 1--1
[][][][][][][][][]  
 []

[123

]

LaTeX Warning: Unexpected alignment  on input line 28.

\c@RT:prove7.11=\count490
\c@RT:prove7.1=\count491
[124]

LaTeX Warning: Unexpected alignment  on input line 67.

[125]
\c@RT:prove7.10=\count492
 [126]
\c@RT:prove7.9=\count493
 [127]
\c@RT:prove7.2=\count494
 [128]
Underfull \hbox (badness 10000) in paragraph at lines 200--202
\TU/FandolSong-Regular(0)/m/n/12   []\TU/lmr/m/it/12 Boundary\TU/lmr/m/n/12 (
\TU/FandolSong-Regular(0)/m/it/12  \TU/lmr/m/n/12 )[]
 []

[129]
\c@RT:chapter7_thermodynamic_temperature=\count495


LaTeX Warning: Unexpected alignment  on input line 223.


LaTeX Warning: Unexpected alignment  on input line 223.

[130]
\c@RT:prove7.3=\count496
 [131]

LaTeX Warning: Unexpected alignment  on input line 265.


LaTeX Warning: Unexpected alignment  on input line 278.

\c@RT:prove7.4=\count497
[132]
\c@RT:prove7.5=\count498
\c@RT:prove7.6=\count499
 [133] (./figures/chapter7_otto_cycle.tikz) [134]
\c@RT:prove7.7=\count500

(./figures/chapter7_carnot_cycle.tikz)
\c@RT:prove7.8=\count501


LaTeX Warning: Unexpected alignment  on input line 385.


LaTeX Warning: Unexpected alignment  on input line 387.

[135]
\c@RT:example7.6=\count502


LaTeX Warning: Unexpected alignment  on input line 419.

[136] [137]) (../chapters/chapter7/Chapter7_exercise.tex
\c@RT:solution7.1=\count503
\c@RT:solution7.2=\count504
 [138]
\c@RT:solution7.3=\count505

Underfull \hbox (badness 1331) in paragraph at lines 29--34
\TU/lmr/m/n/12 Hint: The isothermal compressibility $\OML/lmm/m/it/12 ^^T[]$ \T
U/lmr/m/n/12 is defined through $\OML/lmm/m/it/12 ^^T[] \OT1/lmr/m/n/12 =
 []

\c@RT:solution7.4=\count506
(./figures/chapter7_solution_7_4.tikz) [139]
\c@RT:solution7.5=\count507

(./figures/chapter7_solution_7_5.tikz) [140]

LaTeX Warning: Unexpected alignment  on input line 83.

\c@RT:solution7.6=\count508
[141]) [142]
Missing character: There is no ^^89 ("89) in font nullfont!
Missing character: There is no ^^89 ("89) in font nullfont!
(../chapters/chapter1/chapter1_prove.tex [143]


Overfull \hbox (10.0pt too wide) in paragraph at lines 1--1
[][][][][][][][][]  
 []

) (../chapters/chapter2/chapter2_prove.tex [144

]


Overfull \hbox (10.0pt too wide) in paragraph at lines 1--1
[][][][][][][][][]  
 []


LaTeX Warning: Unexpected alignment  on input line 2.

(./figures/chapter2_newton's first law.tikz) [145

]

LaTeX Warning: Unexpected alignment  on input line 24.

[146]

LaTeX Warning: Unexpected alignment  on input line 32.


LaTeX Warning: Unexpected alignment  on input line 37.

[147]

LaTeX Warning: Unexpected alignment  on input line 49.

[148]

LaTeX Warning: Unexpected alignment  on input line 61.


LaTeX Warning: Unexpected alignment  on input line 73.

[149]

LaTeX Warning: Unexpected alignment  on input line 129.

[150]) (../chapters/chapter3/chapter3_prove.tex [151]


Overfull \hbox (10.0pt too wide) in paragraph at lines 1--1
[][][][][][][][][]  
 []


LaTeX Warning: Unexpected alignment  on input line 3.

\c@RT:chapter3_connection=\count509
\c@RT:chapter3_double_cross_product=\count510

LaTeX Warning: Unexpected alignment  on input line 21.

[152

]

LaTeX Warning: Unexpected alignment  on input line 32.


LaTeX Warning: Unexpected alignment  on input line 44.

\c@RT:chapter3_rotation_CM=\count511

LaTeX Warning: Unexpected alignment  on input line 53.

[153]

LaTeX Warning: Unexpected alignment  on input line 58.


LaTeX Warning: Unexpected alignment  on input line 65.

\c@RT:chapter3_derivation=\count512
[154]

LaTeX Warning: Unexpected alignment  on input line 83.


LaTeX Warning: Unexpected alignment  on input line 97.


LaTeX Warning: Unexpected alignment  on input line 97.

[155]

LaTeX Warning: Unexpected alignment  on input line 111.


LaTeX Warning: Unexpected alignment  on input line 179.


LaTeX Warning: Unexpected alignment  on input line 179.

[156] [157] [158]) (../chapters/chapter4/chapter4_prove.tex [159]


Overfull \hbox (10.0pt too wide) in paragraph at lines 2--2
[][][][][][][][][]  
 []

) (../chapters/chapter5/chapter5_prove.tex [160

]


Overfull \hbox (10.0pt too wide) in paragraph at lines 1--1
[][][][][][][][][]  
 []


LaTeX Warning: Unexpected alignment  on input line 2.


LaTeX Warning: Unexpected alignment  on input line 15.

[161

]

LaTeX Warning: Unexpected alignment  on input line 43.

[162]

LaTeX Warning: Unexpected alignment  on input line 91.

[163] [164]

LaTeX Warning: Unexpected alignment  on input line 187.

[165] [166] [167]

LaTeX Warning: Unexpected alignment  on input line 329.

[168]

LaTeX Warning: Unexpected alignment  on input line 359.

[169]) (../chapters/chapter6/chapter6_prove.tex [170]


Overfull \hbox (10.0pt too wide) in paragraph at lines 1--1
[][][][][][][][][]  
 []


LaTeX Warning: Unexpected alignment  on input line 2.

(./figures/chapter6_framess.tikz) [171

] [172]

LaTeX Warning: Unexpected alignment  on input line 76.

(./figures/chapter6_length_contraction.tikz) [173]

LaTeX Warning: Unexpected alignment  on input line 114.


LaTeX Warning: Unexpected alignment  on input line 131.

(./figures/chapter6_momentum1.tikz) (./figures/chapter6_momentum2.tikz)

LaTeX Warning: Unexpected alignment  on input line 156.

[174] [175] [176]

LaTeX Warning: Unexpected alignment  on input line 186.


LaTeX Warning: Unexpected alignment  on input line 204.


LaTeX Warning: Unexpected alignment  on input line 204.

(./figures/chapter6_framess.tikz) [177]

LaTeX Warning: Unexpected alignment  on input line 229.

[178]) (../chapters/chapter7/Chapter7_prove.tex [179]


Overfull \hbox (10.0pt too wide) in paragraph at lines 1--1
[][][][][][][][][]  
 []


LaTeX Warning: Unexpected alignment  on input line 6.

[180

]

LaTeX Warning: Unexpected alignment  on input line 40.

File: ../figures/figure7/chapter7_mean_path.png Graphic file (type bmp)
<../figures/figure7/chapter7_mean_path.png>
\c@RT:prove7.13=\count513

LaTeX Warning: Unexpected alignment  on input line 56.

[181]

LaTeX Warning: Unexpected alignment  on input line 65.

[182]

LaTeX Warning: Unexpected alignment  on input line 87.


LaTeX Warning: Unexpected alignment  on input line 87.


LaTeX Warning: Unexpected alignment  on input line 95.


LaTeX Warning: Unexpected alignment  on input line 106.


LaTeX Warning: Unexpected alignment  on input line 106.

[183]

LaTeX Warning: Unexpected alignment  on input line 142.

(./figures/chapter7_otto_cycle.tikz)

LaTeX Warning: Unexpected alignment  on input line 159.

(./figures/chapter7_carnot_cycle.tikz) [184]

LaTeX Warning: Unexpected alignment  on input line 194.


LaTeX Warning: Unexpected alignment  on input line 223.

[185] [186] [187]

LaTeX Warning: Unexpected alignment  on input line 313.


LaTeX Warning: Unexpected alignment  on input line 313.

[188] [189]

LaTeX Warning: Unexpected alignment  on input line 359.


LaTeX Warning: Unexpected alignment  on input line 359.


LaTeX Warning: Unexpected alignment  on input line 369.


LaTeX Warning: Unexpected alignment  on input line 374.

[190

] [191]

LaTeX Warning: Unexpected alignment  on input line 435.


LaTeX Warning: Unexpected alignment  on input line 457.

[192] [193])
Missing character: There is no ^^89 ("89) in font nullfont!
Missing character: There is no ^^89 ("89) in font nullfont!
(../chapters/chapter1/chapter1_answer.tex [194

]


Overfull \hbox (10.0pt too wide) in paragraph at lines 1--1
[][][][][][][][][]  
 []


LaTeX Warning: Unexpected alignment  on input line 2.

) (../chapters/chapter2/chapter2_answer.tex [195

]


Overfull \hbox (10.0pt too wide) in paragraph at lines 1--1
[][][][][][][][][]  
 []


LaTeX Warning: Unexpected alignment  on input line 2.


LaTeX Warning: Unexpected alignment  on input line 21.

[196

]

LaTeX Warning: Unexpected alignment  on input line 40.

[197]

LaTeX Warning: Unexpected alignment  on input line 67.

File: ../figures/figure2/chapter2_problem3.png Graphic file (type bmp)
<../figures/figure2/chapter2_problem3.png>

Overfull \hbox (8.62373pt too wide) detected at line 90
[]
 []

[198]

LaTeX Warning: Unexpected alignment  on input line 106.

File: ../figures/figure2/chapter2_problem4.png Graphic file (type bmp)
<../figures/figure2/chapter2_problem4.png>
[199]) (../chapters/chapter3/chapter3_answer.tex [200]


Overfull \hbox (10.0pt too wide) in paragraph at lines 1--1
[][][][][][][][][]  
 []


LaTeX Warning: Unexpected alignment  on input line 2.

File: ../figures/figure3/chapter3_example_1.jpg Graphic file (type bmp)
<../figures/figure3/chapter3_example_1.jpg>
[201

]

LaTeX Warning: Unexpected alignment  on input line 34.

File: ../figures/figure3/chapter3_example_2.png Graphic file (type bmp)
<../figures/figure3/chapter3_example_2.png>
\c@RT:chapter3_moment_inertia2=\count514

LaTeX Warning: Unexpected alignment  on input line 74.

[202] [203]

LaTeX Warning: Unexpected alignment  on input line 85.

(./figures/chapter3_example_3_3.tikz)
\c@RT:law3.1=\count515
 [204]

LaTeX Warning: Unexpected alignment  on input line 116.

File: ../figures/figure3/chapter3_massive_pulley.png Graphic file (type bmp)
<../figures/figure3/chapter3_massive_pulley.png>
[205]

LaTeX Warning: Unexpected alignment  on input line 158.

File: ../figures/figure3/chapter3_string.png Graphic file (type bmp)
<../figures/figure3/chapter3_string.png>
[206]

LaTeX Warning: Unexpected alignment  on input line 176.

(./figures/chapter3_rotating_rod_1.tikz)
(./figures/chapter3_rotating_rod_2.tikz)
Missing character: There is no  (U+03B1) in font [lmroman12-regular]:mapping=t
ex-text;!
[207] [208] [209]) (../chapters/chapter4/chapter4_answer.tex [210]


Overfull \hbox (10.0pt too wide) in paragraph at lines 1--1
[][][][][][][][][]  
 []


LaTeX Warning: Unexpected alignment  on input line 2.

File: ../figures/figure4/chapter4_.png Graphic file (type bmp)
<../figures/figure4/chapter4_.png>
File: ../figures/figure4/chapter4_E1_A1.png Graphic file (type bmp)
<../figures/figure4/chapter4_E1_A1.png>
[211

] [212]

LaTeX Warning: Unexpected alignment  on input line 38.

File: ../figures/figure4/chapter4_.png Graphic file (type bmp)
<../figures/figure4/chapter4_.png>
[213]) (../chapters/chapter5/chapter5_answer.tex [214]


Overfull \hbox (10.0pt too wide) in paragraph at lines 1--1
[][][][][][][][][]  
 []


LaTeX Warning: Unexpected alignment  on input line 2.

[215

]

LaTeX Warning: Unexpected alignment  on input line 67.

[216]

LaTeX Warning: Unexpected alignment  on input line 91.

[217] [218]

LaTeX Warning: Unexpected alignment  on input line 159.

) (../chapters/chapter6/chapter6_answer.tex [219]


Overfull \hbox (10.0pt too wide) in paragraph at lines 1--1
[][][][][][][][][]  
 []


LaTeX Warning: Unexpected alignment  on input line 2.

File: ../figures/figure6/chapter_6_7.jpg Graphic file (type bmp)
<../figures/figure6/chapter_6_7.jpg>
[220

]

LaTeX Warning: Unexpected alignment  on input line 42.

(./figures/chapter6_solution_6_2_1.tikz)
(./figures/chapter6_solution_6_2_2.tikz)
(./figures/chapter6_solution_6_2_3.tikz) [221] [222]

LaTeX Warning: Unexpected alignment  on input line 72.

(./figures/chapter6_solution_6_3.tikz) [223] [224]

LaTeX Warning: Unexpected alignment  on input line 143.

File: ../figures/figure6/chapter_6_20.jpg Graphic file (type bmp)
<../figures/figure6/chapter_6_20.jpg>
(./figures/chapter6_solution_6_4_1.tikz)
(./figures/chapter6_solution_6_4_2.tikz) [225] [226] [227]

LaTeX Warning: Unexpected alignment  on input line 199.

File: ../figures/figure6/chapter_6_23.jpg Graphic file (type bmp)
<../figures/figure6/chapter_6_23.jpg>
[228] [229] [230]

LaTeX Warning: Unexpected alignment  on input line 257.

File: ../figures/figure6/chapter_6_24.jpg Graphic file (type bmp)
<../figures/figure6/chapter_6_24.jpg>
[231] [232]

LaTeX Warning: Unexpected alignment  on input line 298.

\c@RT:law6.5=\count516

LaTeX Warning: Unexpected alignment  on input line 328.

\c@RT:chapter6_photon=\count517

LaTeX Warning: Unexpected alignment  on input line 332.

[233] [234] [235]) (../chapters/chapter7/Chapter7_answer.tex [236]


Overfull \hbox (10.0pt too wide) in paragraph at lines 1--1
[][][][][][][][][]  
 []


LaTeX Warning: Unexpected alignment  on input line 2.


LaTeX Warning: Unexpected alignment  on input line 15.

[237

] [238]

LaTeX Warning: Unexpected alignment  on input line 62.


Underfull \hbox (badness 1331) in paragraph at lines 66--71
\TU/lmr/m/n/12 Hint: The isothermal compressibility $\OML/lmm/m/it/12 ^^T[]$ \T
U/lmr/m/n/12 is defined through $\OML/lmm/m/it/12 ^^T[] \OT1/lmr/m/n/12 =
 []


Underfull \hbox (badness 10000) in paragraph at lines 111--114

 []


Underfull \hbox (badness 10000) in paragraph at lines 145--148

 []

[239

] [240]

LaTeX Warning: Unexpected alignment  on input line 172.

(./figures/chapter7_solution_7_4.tikz) [241] [242]

LaTeX Warning: Unexpected alignment  on input line 244.

(./figures/chapter7_solution_7_5.tikz)
\c@RT:law7.2=\count518
 [243] [244] [245] [246]

LaTeX Warning: Unexpected alignment  on input line 417.

\c@RT:chapter7_process_introduction=\count519

LaTeX Warning: Unexpected alignment  on input line 446.

[247] [248]) [249] (../chapters/afterall/afterall.tex) [250


] (./build/main.aux)
 ***********
LaTeX2e <2023-11-01> patch level 1
L3 programming layer <2022/08/05>
 ***********

LaTeX Font Warning: Some font shapes were not available, defaults substituted.


LaTeX Warning: There were multiply-defined labels.

Package rerunfilecheck Info: File `main.out' has not changed.
(rerunfilecheck)             Checksum: CFC148370917B9542099808B24AD9F12;21143.
 ) 
Here is how much of TeX's memory you used:
 66333 strings out of 476761
 1657683 string characters out of 5802896
 2291394 words of memory out of 5000000
 87144 multiletter control sequences out of 15000+600000
 626213 words of font info for 190 fonts, out of 8000000 for 9000
 14 hyphenation exceptions out of 8191
 121i,20n,425p,3399b,1437s stack positions out of 10000i,1000n,20000p,200000b,200000s

Output written on ./build/main.pdf (261 pages).
