\BOOKMARK [0][]{chapter*.1}{\376\377\122\115\212\000}{}% 1
\BOOKMARK [0][]{chapter*.4}{\376\377\176\246\133\232}{}% 2
\BOOKMARK [0][]{chapter.0.0}{\376\377\153\143\145\207\220\350\122\006}{}% 3
\BOOKMARK [0][]{chapter.1.1}{\376\377\173\054\116\000\172\340\000\040\000\040\155\113\221\317}{}% 4
\BOOKMARK [1][]{section.1.1.1}{\376\377\0001\000.\0001\000\040\123\125\117\115\116\016\221\317\176\262}{chapter.1.1}% 5
\BOOKMARK [1][]{section.1.1.2}{\376\377\0001\000.\0002\000\040\145\160\143\156\131\004\164\006}{chapter.1.1}% 6
\BOOKMARK [1][]{section.1.1.3}{\376\377\0001\000.\0003\000\040\213\376\124\016\116\140\230\230\000:\155\113\221\317}{chapter.1.1}% 7
\BOOKMARK [0][]{chapter.1.2}{\376\377\173\054\116\214\172\340\000\040\000\040\215\050\160\271\217\320\122\250\133\146\116\016\122\250\122\233\133\146\127\372\170\100}{}% 8
\BOOKMARK [1][]{section.1.2.1}{\376\377\0002\000.\0001\000\040\116\000\176\364\217\320\122\250}{chapter.1.2}% 9
\BOOKMARK [2][]{subsection.1.2.1.1}{\376\377\0002\000.\0001\000.\0001\000\040\215\050\160\271\217\320\122\250\133\146\166\204\127\372\147\054\151\202\137\365}{section.1.2.1}% 10
\BOOKMARK [2][]{subsection.1.2.1.2}{\376\377\0002\000.\0001\000.\0002\000\040\215\050\160\271\217\320\122\250\133\146\147\011\121\163\166\204\213\241\173\227}{section.1.2.1}% 11
\BOOKMARK [1][]{section.1.2.2}{\376\377\0002\000.\0002\000\040\232\330\176\364\166\204\215\050\160\271\217\320\122\250}{chapter.1.2}% 12
\BOOKMARK [2][]{subsection.1.2.2.1}{\376\377\0002\000.\0002\000.\0001\000\040\124\021\221\317}{section.1.2.2}% 13
\BOOKMARK [2][]{subsection.1.2.2.2}{\376\377\0002\000.\0002\000.\0002\000\040\124\021\221\317\116\016\150\007\221\317}{section.1.2.2}% 14
\BOOKMARK [2][]{subsection.1.2.2.3}{\376\377\0002\000.\0002\000.\0003\000\040\124\021\221\317\166\204\131\047\134\017\116\016\123\125\117\115\124\021\221\317}{section.1.2.2}% 15
\BOOKMARK [2][]{subsection.1.2.2.4}{\376\377\0002\000.\0002\000.\0004\000\040\124\021\221\317\166\204\217\320\173\227}{section.1.2.2}% 16
\BOOKMARK [2][]{subsection.1.2.2.5}{\376\377\0002\000.\0002\000.\0005\000\040\147\201\127\120\150\007}{section.1.2.2}% 17
\BOOKMARK [2][]{subsection.1.2.2.6}{\376\377\0002\000.\0002\000.\0006\000\040\127\372\123\330\143\142}{section.1.2.2}% 18
\BOOKMARK [2][]{subsection.1.2.2.7}{\376\377\0002\000.\0002\000.\0007\000\040\215\050\160\271\217\320\122\250\166\204\124\021\221\317\210\150\171\072\154\325}{section.1.2.2}% 19
\BOOKMARK [2][]{subsection.1.2.2.8}{\376\377\0002\000.\0002\000.\0008\000\040\142\233\117\123\217\320\122\250}{section.1.2.2}% 20
\BOOKMARK [2][]{subsection.1.2.2.9}{\376\377\0002\000.\0002\000.\0009\000\040\123\000\220\037\127\006\124\150\217\320\122\250}{section.1.2.2}% 21
\BOOKMARK [2][]{subsection.1.2.2.10}{\376\377\0002\000.\0002\000.\0001\0000\000\040\123\330\220\037\127\006\124\150\217\320\122\250}{section.1.2.2}% 22
\BOOKMARK [1][]{section.1.2.3}{\376\377\0002\000.\0003\000\040\162\133\230\177\133\232\137\213}{chapter.1.2}% 23
\BOOKMARK [2][]{subsection.1.2.3.1}{\376\377\0002\000.\0003\000.\0001\000\040\162\133\230\177\173\054\116\000\133\232\137\213}{section.1.2.3}% 24
\BOOKMARK [2][]{subsection.1.2.3.2}{\376\377\0002\000.\0003\000.\0002\000\040\162\133\230\177\173\054\116\214\133\232\137\213}{section.1.2.3}% 25
\BOOKMARK [2][]{subsection.1.2.3.3}{\376\377\0002\000.\0003\000.\0003\000\040\162\133\230\177\173\054\116\011\133\232\137\213}{section.1.2.3}% 26
\BOOKMARK [2][]{subsection.1.2.3.4}{\376\377\0002\000.\0003\000.\0004\000\040\140\357\140\047\123\302\200\003\174\373\116\016\227\136\140\357\140\047\123\302\200\003\174\373}{section.1.2.3}% 27
\BOOKMARK [2][]{subsection.1.2.3.5}{\376\377\0002\000.\0003\000.\0005\000\040\140\357\140\047\174\373\116\055\166\204\166\370\133\371\217\320\122\250}{section.1.2.3}% 28
\BOOKMARK [2][]{subsection.1.2.3.6}{\376\377\0002\000.\0003\000.\0006\000\040\227\136\140\357\140\047\174\373\116\055\166\204\166\370\133\371\217\320\122\250}{section.1.2.3}% 29
\BOOKMARK [1][]{section.1.2.4}{\376\377\0002\000.\0004\000\040\122\237\116\016\122\250\200\375}{chapter.1.2}% 30
\BOOKMARK [2][]{subsection.1.2.4.1}{\376\377\0002\000.\0004\000.\0001\000\040\140\122\122\233\120\132\122\237}{section.1.2.4}% 31
\BOOKMARK [2][]{subsection.1.2.4.2}{\376\377\0002\000.\0004\000.\0002\000\040\123\330\122\233\120\132\122\237}{section.1.2.4}% 32
\BOOKMARK [2][]{subsection.1.2.4.3}{\376\377\0002\000.\0004\000.\0003\000\040\122\250\200\375}{section.1.2.4}% 33
\BOOKMARK [2][]{subsection.1.2.4.4}{\376\377\0002\000.\0004\000.\0004\000\040\122\250\200\375\133\232\164\006}{section.1.2.4}% 34
\BOOKMARK [2][]{subsection.1.2.4.5}{\376\377\0002\000.\0004\000.\0005\000\040\122\237\163\207}{section.1.2.4}% 35
\BOOKMARK [1][]{section.1.2.5}{\376\377\0002\000.\0005\000\040\200\375\221\317\133\210\140\122}{chapter.1.2}% 36
\BOOKMARK [2][]{subsection.1.2.5.1}{\376\377\0002\000.\0005\000.\0001\000\040\122\250\200\375\133\232\164\006\131\015\116\140}{section.1.2.5}% 37
\BOOKMARK [2][]{subsection.1.2.5.2}{\376\377\0002\000.\0005\000.\0002\000\040\122\277\200\375}{section.1.2.5}% 38
\BOOKMARK [2][]{subsection.1.2.5.3}{\376\377\0002\000.\0005\000.\0003\000\040\117\335\133\210\122\233\116\016\227\136\117\335\133\210\122\233}{section.1.2.5}% 39
\BOOKMARK [2][]{subsection.1.2.5.4}{\376\377\0002\000.\0005\000.\0004\000\040\147\072\150\260\200\375\133\210\140\122}{section.1.2.5}% 40
\BOOKMARK [2][]{subsection.1.2.5.5}{\376\377\0002\000.\0005\000.\0005\000\040\174\373\176\337\166\204\136\163\210\141\140\047}{section.1.2.5}% 41
\BOOKMARK [1][]{section.1.2.6}{\376\377\0002\000.\0006\000\040\122\250\221\317\133\210\140\122}{chapter.1.2}% 42
\BOOKMARK [2][]{subsection.1.2.6.1}{\376\377\0002\000.\0006\000.\0001\000\040\122\250\221\317\133\232\164\006}{section.1.2.6}% 43
\BOOKMARK [2][]{subsection.1.2.6.2}{\376\377\0002\000.\0006\000.\0002\000\040\122\250\221\317\133\210\140\122}{section.1.2.6}% 44
\BOOKMARK [2][]{subsection.1.2.6.3}{\376\377\0002\000.\0006\000.\0003\000\040\170\260\144\236}{section.1.2.6}% 45
\BOOKMARK [2][]{subsection.1.2.6.4}{\376\377\0002\000.\0006\000.\0004\000\040\215\050\137\303\174\373\116\055\166\204\170\260\144\236}{section.1.2.6}% 46
\BOOKMARK [1][]{section.1.2.7}{\376\377\0002\000.\0007\000\040\221\315\122\233}{chapter.1.2}% 47
\BOOKMARK [2][]{subsection.1.2.7.1}{\376\377\0002\000.\0007\000.\0001\000\040\162\133\230\177\116\007\147\011\137\025\122\233\133\232\137\213}{section.1.2.7}% 48
\BOOKMARK [2][]{subsection.1.2.7.2}{\376\377\0002\000.\0007\000.\0002\000\040\210\114\146\037\217\320\122\250\116\345\123\312\137\000\146\156\122\322\133\232\137\213}{section.1.2.7}% 49
\BOOKMARK [2][]{subsection.1.2.7.3}{\376\377\0002\000.\0007\000.\0003\000\040\155\113\221\317\137\025\122\233\136\070\145\160}{section.1.2.7}% 50
\BOOKMARK [2][]{subsection.1.2.7.4}{\376\377\0002\000.\0007\000.\0004\000\040\201\352\165\061\204\075\117\123\122\240\220\037\136\246}{section.1.2.7}% 51
\BOOKMARK [2][]{subsection.1.2.7.5}{\376\377\0002\000.\0007\000.\0005\000\040\123\153\146\037\217\320\122\250}{section.1.2.7}% 52
\BOOKMARK [2][]{subsection.1.2.7.6}{\376\377\0002\000.\0007\000.\0006\000\040\160\153\173\255\143\250\217\333}{section.1.2.7}% 53
\BOOKMARK [1][]{section.1.2.8}{\376\377\0002\000.\0008\000\040\213\376\124\016\116\140\230\230\377\032\215\050\160\271\217\320\122\250\133\146\116\016\122\250\122\233\133\146}{chapter.1.2}% 54
\BOOKMARK [0][]{chapter.1.3}{\376\377\173\054\116\011\172\340\000\040\000\040\217\154\122\250\122\250\122\233\133\146}{}% 55
\BOOKMARK [1][]{section.1.3.1}{\376\377\0003\000.\0001\000\040\122\032\117\123}{chapter.1.3}% 56
\BOOKMARK [1][]{section.1.3.2}{\376\377\0003\000.\0002\000\040\217\154\122\250}{chapter.1.3}% 57
\BOOKMARK [2][]{subsection.1.3.2.1}{\376\377\0003\000.\0002\000.\0001\000\040\147\201\127\120\150\007\174\373}{section.1.3.2}% 58
\BOOKMARK [2][]{subsection.1.3.2.2}{\376\377\0003\000.\0002\000.\0002\000\040\123\311\116\130}{section.1.3.2}% 59
\BOOKMARK [2][]{subsection.1.3.2.3}{\376\377\0003\000.\0002\000.\0003\000\040\217\320\122\250\133\146\151\202\137\365}{section.1.3.2}% 60
\BOOKMARK [2][]{subsection.1.3.2.4}{\376\377\0003\000.\0002\000.\0004\000\040\122\250\122\233\133\146\151\202\137\365}{section.1.3.2}% 61
\BOOKMARK [1][]{section.1.3.3}{\376\377\0003\000.\0003\000\040\136\163\210\114\217\164\133\232\164\006\000/\145\275\154\360\176\263\133\232\164\006}{chapter.1.3}% 62
\BOOKMARK [1][]{section.1.3.4}{\376\377\0003\000.\0004\000\040\122\032\117\123\116\055\166\204\200\375\221\317}{chapter.1.3}% 63
\BOOKMARK [2][]{subsection.1.3.4.1}{\376\377\0003\000.\0004\000.\0001\000\040\176\257\217\154\122\250\116\055\166\204\200\375\221\317}{section.1.3.4}% 64
\BOOKMARK [2][]{subsection.1.3.4.2}{\376\377\0003\000.\0004\000.\0002\000\040\124\014\145\366\123\321\165\037\217\154\122\250\116\016\136\163\122\250\145\366\166\204\200\375\221\317}{section.1.3.4}% 65
\BOOKMARK [1][]{section.1.3.5}{\376\377\0003\000.\0005\000\040\211\322\122\250\221\317}{chapter.1.3}% 66
\BOOKMARK [2][]{subsection.1.3.5.1}{\376\377\0003\000.\0005\000.\0001\000\040\133\232\116\111}{section.1.3.5}% 67
\BOOKMARK [2][]{subsection.1.3.5.2}{\376\377\0003\000.\0005\000.\0002\000\040\211\322\122\250\221\317\133\210\140\122}{section.1.3.5}% 68
\BOOKMARK [2][]{subsection.1.3.5.3}{\376\377\0003\000.\0005\000.\0003\000\040\215\050\137\303\174\373\217\154\123\026}{section.1.3.5}% 69
\BOOKMARK [1][]{section.1.3.6}{\376\377\0003\000.\0006\000\040\221\315\137\303}{chapter.1.3}% 70
\BOOKMARK [1][]{section.1.3.7}{\376\377\0003\000.\0007\000\040\227\136\140\357\140\047\174\373\140\305\137\142}{chapter.1.3}% 71
\BOOKMARK [2][]{subsection.1.3.7.1}{\376\377\0003\000.\0007\000.\0001\000\040\227\136\140\357\140\047\122\233}{section.1.3.7}% 72
\BOOKMARK [2][]{subsection.1.3.7.2}{\376\377\0003\000.\0007\000.\0002\000\040\171\321\221\314\131\145\122\051\122\233\000*}{section.1.3.7}% 73
\BOOKMARK [1][]{section.1.3.8}{\376\377\0003\000.\0008\000\040\126\336\230\176\116\016\140\073\176\323}{chapter.1.3}% 74
\BOOKMARK [1][]{section.1.3.9}{\376\377\0003\000.\0009\000\040\213\376\124\016\116\140\230\230\377\032\217\154\122\250\122\250\122\233\133\146}{chapter.1.3}% 75
\BOOKMARK [0][]{chapter.1.4}{\376\377\173\054\126\333\172\340\000\040\000\040\155\101\117\123\122\233\133\146}{}% 76
\BOOKMARK [1][]{section.1.4.1}{\376\377\0004\000.\0001\000\040\155\101\117\123\166\204\133\232\116\111\116\016\140\047\215\050}{chapter.1.4}% 77
\BOOKMARK [1][]{section.1.4.2}{\376\377\0004\000.\0002\000\040\155\101\117\123\122\250\122\233\133\146}{chapter.1.4}% 78
\BOOKMARK [1][]{section.1.4.3}{\376\377\0004\000.\0003\000\040\213\376\124\016\116\140\230\230\000:\155\101\117\123\122\233\133\146}{chapter.1.4}% 79
\BOOKMARK [0][]{chapter.1.5}{\376\377\173\054\116\224\172\340\000\040\000\040\143\057\122\250\116\016\154\342}{}% 80
\BOOKMARK [1][]{section.1.5.1}{\376\377\0005\000.\0001\000\040\136\163\210\141}{chapter.1.5}% 81
\BOOKMARK [1][]{section.1.5.2}{\376\377\0005\000.\0002\000\040\143\057\122\250}{chapter.1.5}% 82
\BOOKMARK [2][]{subsection.1.5.2.1}{\376\377\0005\000.\0002\000.\0001\000\040\173\200\214\020\217\320\122\250}{section.1.5.2}% 83
\BOOKMARK [2][]{subsection.1.5.2.2}{\376\377\0005\000.\0002\000.\0002\000\040\165\050\123\000\220\037\127\006\124\150\217\320\122\250\210\150\217\276\173\200\214\020\217\320\122\250}{section.1.5.2}% 84
\BOOKMARK [2][]{subsection.1.5.2.3}{\376\377\0005\000.\0002\000.\0003\000\040\226\073\134\074\143\057\122\250\000*}{section.1.5.2}% 85
\BOOKMARK [2][]{subsection.1.5.2.4}{\376\377\0005\000.\0002\000.\0004\000\040\123\327\217\353\143\057\122\250\000*}{section.1.5.2}% 86
\BOOKMARK [1][]{section.1.5.3}{\376\377\0005\000.\0003\000\040\154\342}{chapter.1.5}% 87
\BOOKMARK [2][]{subsection.1.5.3.1}{\376\377\0005\000.\0003\000.\0001\000\040\173\200\116\313}{section.1.5.3}% 88
\BOOKMARK [2][]{subsection.1.5.3.2}{\376\377\0005\000.\0003\000.\0002\000\040\147\072\150\260\154\342}{section.1.5.3}% 89
\BOOKMARK [2][]{subsection.1.5.3.3}{\376\377\0005\000.\0003\000.\0003\000\040\201\011\121\262\154\342}{section.1.5.3}% 90
\BOOKMARK [2][]{subsection.1.5.3.4}{\376\377\0005\000.\0003\000.\0004\000\040\154\342\166\204\123\340\122\240}{section.1.5.3}% 91
\BOOKMARK [2][]{subsection.1.5.3.5}{\376\377\0005\000.\0003\000.\0005\000\040\154\342\122\250\145\271\172\013}{section.1.5.3}% 92
\BOOKMARK [2][]{subsection.1.5.3.6}{\376\377\0005\000.\0003\000.\0006\000\040\124\150\147\037\154\342}{section.1.5.3}% 93
\BOOKMARK [2][]{subsection.1.5.3.7}{\376\377\0005\000.\0003\000.\0007\000\040\232\173\154\342}{section.1.5.3}% 94
\BOOKMARK [2][]{subsection.1.5.3.8}{\376\377\0005\000.\0003\000.\0008\000\040\137\071\140\047}{section.1.5.3}% 95
\BOOKMARK [2][]{subsection.1.5.3.9}{\376\377\0005\000.\0003\000.\0009\000\040\130\360\154\342}{section.1.5.3}% 96
\BOOKMARK [2][]{subsection.1.5.3.10}{\376\377\0005\000.\0003\000.\0001\0000\000\040\131\032\146\156\122\322\145\110\136\224}{section.1.5.3}% 97
\BOOKMARK [1][]{section.1.5.4}{\376\377\0005\000.\0004\000\040\213\376\124\016\116\140\230\230\000:\143\057\122\250\116\016\154\342}{chapter.1.5}% 98
\BOOKMARK [0][]{chapter.1.6}{\376\377\173\054\121\155\172\340\000\040\000\040\162\355\116\111\166\370\133\371\213\272}{}% 99
\BOOKMARK [1][]{section.1.6.1}{\376\377\0006\000.\0001\000\040\137\025\121\145}{chapter.1.6}% 100
\BOOKMARK [2][]{subsection.1.6.1.1}{\376\377\0006\000.\0001\000.\0001\000\040\176\335\133\371\145\366\172\172\211\302}{section.1.6.1}% 101
\BOOKMARK [2][]{subsection.1.6.1.2}{\376\377\0006\000.\0001\000.\0002\000\040\166\370\133\371\145\366\172\172\211\302}{section.1.6.1}% 102
\BOOKMARK [1][]{section.1.6.2}{\376\377\0006\000.\0002\000\040\155\033\117\046\121\171\123\330\143\142}{chapter.1.6}% 103
\BOOKMARK [2][]{subsection.1.6.2.1}{\376\377\0006\000.\0002\000.\0001\000\040\134\072\177\051\145\110\136\224}{section.1.6.2}% 104
\BOOKMARK [2][]{subsection.1.6.2.2}{\376\377\0006\000.\0002\000.\0002\000\040\122\250\224\237\123\330\141\142}{section.1.6.2}% 105
\BOOKMARK [2][]{subsection.1.6.2.3}{\376\377\0006\000.\0002\000.\0003\000\040\220\037\136\246\123\330\143\142}{section.1.6.2}% 106
\BOOKMARK [1][]{section.1.6.3}{\376\377\0006\000.\0003\000\040\166\370\133\371\213\272\200\375\122\250\221\317}{chapter.1.6}% 107
\BOOKMARK [2][]{subsection.1.6.3.1}{\376\377\0006\000.\0003\000.\0001\000\040\166\370\133\371\213\272\122\250\221\317}{section.1.6.3}% 108
\BOOKMARK [2][]{subsection.1.6.3.2}{\376\377\0006\000.\0003\000.\0002\000\040\166\370\133\371\213\272\200\375\221\317}{section.1.6.3}% 109
\BOOKMARK [2][]{subsection.1.6.3.3}{\376\377\0006\000.\0003\000.\0003\000\040\116\015\124\014\140\357\140\047\174\373\116\055\166\204\217\154\143\142}{section.1.6.3}% 110
\BOOKMARK [1][]{section.1.6.4}{\376\377\0006\000.\0004\000\040\116\000\116\233\121\163\200\124}{chapter.1.6}% 111
\BOOKMARK [2][]{subsection.1.6.4.1}{\376\377\0006\000.\0004\000.\0001\000\040\221\317\176\262\176\337\116\000}{section.1.6.4}% 112
\BOOKMARK [2][]{subsection.1.6.4.2}{\376\377\0006\000.\0004\000.\0002\000\040\116\015\123\330\221\317}{section.1.6.4}% 113
\BOOKMARK [1][]{section.1.6.5}{\376\377\0006\000.\0005\000\040\131\032\146\156\122\322\145\110\136\224}{chapter.1.6}% 114
\BOOKMARK [1][]{section.1.6.6}{\376\377\0006\000.\0006\000\040\166\370\133\371\213\272\166\204\121\340\117\125\210\150\217\360}{chapter.1.6}% 115
\BOOKMARK [2][]{subsection.1.6.6.1}{\376\377\0006\000.\0006\000.\0001\000\040\225\365\154\017\145\366\172\172}{section.1.6.6}% 116
\BOOKMARK [2][]{subsection.1.6.6.2}{\376\377\0006\000.\0006\000.\0002\000\040\225\365\154\017\121\340\117\125\116\055\166\204\155\033\117\046\121\171\123\330\143\142}{section.1.6.6}% 117
\BOOKMARK [2][]{subsection.1.6.6.3}{\376\377\0006\000.\0006\000.\0003\000\040\145\366\136\217\124\214\126\340\147\234\121\163\174\373}{section.1.6.6}% 118
\BOOKMARK [2][]{subsection.1.6.6.4}{\376\377\0006\000.\0006\000.\0004\000\040\126\336\230\176}{section.1.6.6}% 119
\BOOKMARK [1][]{section.1.6.7}{\376\377\0006\000.\0007\000\040\213\376\124\016\116\140\230\230\377\032\162\355\116\111\166\370\133\371\213\272}{chapter.1.6}% 120
\BOOKMARK [0][]{chapter.1.7}{\376\377\173\054\116\003\172\340\000\040\000\040\160\355\122\233\133\146}{}% 121
\BOOKMARK [1][]{section.1.7.1}{\376\377\0007\000.\0001\000\040\133\374\213\272}{chapter.1.7}% 122
\BOOKMARK [1][]{section.1.7.2}{\376\377\0007\000.\0002\000\040\164\006\140\363\154\024\117\123}{chapter.1.7}% 123
\BOOKMARK [1][]{section.1.7.3}{\376\377\0007\000.\0003\000\040\122\0